4391.78451996649 4606.44003534869 4630.16572094273 4639.28128782509 4675.59933970885 4686.5411507252 5143.60801032764 5150.43859868335 5330.78353429212 5398.36437317367
4188.91165879282 4406.31285053347 4638.43596366806 4713.49162543463 4719.5728186202 4748.36350903377 4982.01878276203 4997.86870751348 5490.41382942666 5508.32450910482
4422.81324841151 4454.23553621451 4559.00597049862 4692.78370155519 4730.64922249995 4771.70333158098 5149.29864668551 5364.60583885407 5507.59078555095 5540.43543831995
4205.20747663587 4469.53273112199 4533.19499694906 4713.31677352137 4717.3125111061 4803.83186258581 5149.41443714337 5169.18706088474 5591.30443002226 5944.44978252058
4443.28117496276 4464.55060729795 4602.87358992663 4679.59787257353 4747.91506321609 4844.30162709045 5081.56606696046 5120.57284572237 5369.81119964227 5401.77043371535
4448.15936040795 4483.64470553646 4623.56765910165 4645.10010949141 4743.12379890647 4768.63872398949 4872.22889251694 5144.56380006575 5381.23007014848 5408.30445351646
4451.54545532018 4469.31726541542 4507.12318579813 4622.95790263846 4744.30978276255 4767.16653874945 4768.171916367 4822.76266358712 5107.8005938827 5432.50033899133
4420.96987886171 4486.05630124262 4533.57327131251 4619.97709967441 4790.74325478802 4805.43755936958 4936.43027522285 5127.17425910827 5164.23410606521 5379.04746441491
4313.90096660969 4543.17292974773 4577.36413248806 4656.45357761404 4728.40566010592 4798.69621869849 4882.70396246209 4954.29928367759 5192.12296413772 5391.5202360621
4518.28059632836 4614.70004243744 4640.85301929527 4653.30523108255 4740.87624611983 4786.6264517474 4880.95663242983 5019.16723510828 5367.73591772533 5450.5416791917
4414.2707427585 4546.07553829338 4629.84303373638 4698.98174657019 4787.67619569547 4787.74824392241 4908.3436134943 5031.91210825272 5382.97122198341 5428.89859137969
4007.0881091663 4443.13317867955 4693.88090311484 4729.36562251683 4814.46509802571 4821.32702963674 4993.62886383847 5178.17227087071 5498.85499038292 5576.1007286609
4293.78512131545 4532.80632093723 4592.94413394376 4791.4726359198 4878.55693731081 4887.76888244082 5252.14036314549 5424.09402856105 5552.67048852483 5554.11784072572
4168.28382310359 4583.13023501744 4636.87433571831 4836.72346756118 4870.47072356787 5039.66841783383 5099.22977178433 5428.61201917136 5519.55697287906 5529.62613038568
4500.02542288007 4522.16157456566 4651.6066784265 4783.95112537181 4864.88753782382 4996.50541827668 5159.6313281048 5210.49534357397 5389.7434082105 5583.01189591906
4267.4206489777 4527.20520810007 4780.22581662129 4820.96736019283 4985.08884474448 5081.92406128326 5377.21895140808 5429.02026532113 5483.54870468353 5889.09719765997
4292.83455702581 4584.98354211292 4723.5957986782 4759.51431362508 4851.69003923157 4930.92004392283 5044.46064310735 5069.7577057966 5357.06482185312 5401.73749471705
4419.39824905345 4629.89687054114 4645.23311163526 4775.50555424316 4834.00103109179 5042.9675383296 5089.26085262201 5111.94757976924 5368.73070348866 5411.46574235802
4201.09977377533 4657.85724920914 4719.85298770675 4728.75503612535 4831.93219711259 4850.48462704171 5075.51006257248 5177.64735674397 5386.53771128271 5597.15672761709
4483.94056671355 4617.31410436672 4652.59027485002 4704.34367114535 4898.31213376538 4902.09667193576 4955.41246333364 4961.2065055068 5013.6400845225 5419.22690149636
4565.63540608248 4664.68769206986 4801.59732842159 4849.52061324321 4891.9936638261 4898.44639148423 4961.48102822046 5278.08390334092 5459.21083974911 5480.47370867364
4472.84422136873 4560.98054746127 4563.40132240449 4612.05583738865 4643.90649552793 4659.81719303827 5023.67450229053 5234.01912496859 5494.75073307996 5671.28890232643
4465.20873600188 4588.76479846539 4636.45660771345 4664.80993897197 4733.83026083336 4757.66769058759 5196.3509251145 5250.13467737966 5596.32137255494 5654.27778482244
4540.47394562938 4571.58971766995 4650.35791136832 4717.16604477697 4727.51309824132 4780.8781227403 5041.86761640102 5045.85600362183 5603.35269731368 5653.26901192352
4522.62709430508 4546.00801580649 4636.44709370974 4719.429356255 4727.20241673208 4792.43642833819 5065.24150454733 5218.08350137012 5662.59860285029 5702.35139189064
4520.41247924009 4600.67255626548 4639.97387568435 4694.51933104515 4702.19638707629 4737.84925905129 5168.69759317084 5260.74051848423 5308.54637237543 5415.44823448933
4529.13377328731 4620.39215674906 4704.74449417326 4763.20432951878 4795.64649502795 4821.44671497947 4940.36506074114 4960.04587475976 5399.96223442664 5442.94484765914
4559.11786819765 4601.26360568721 4628.44787833916 4669.0720051597 4712.64082915688 4908.39965469942 5029.78004496154 5035.75496672835 5357.21748440001 5387.57695204011
4476.93140515192 4501.39792882771 4730.31932465878 4796.95235867406 4812.66651272828 5017.09974856635 5090.61711750751 5099.87243126737 5155.34983447223 5369.99334728226
4427.9842579342 4448.22079582131 4677.86893654001 4712.94955424536 4759.50352634237 4790.39516393951 5110.87875661263 5193.60957105068 5670.26189632406 5731.91357543249
4483.54407721459 4551.7781672795 4693.98615431579 4711.07947161007 4919.9833218555 5196.87595505576 5379.69728913909 5418.75542695595 5488.74916291193 5525.25436130916
4436.29707463365 4647.89105405265 4658.56231084866 4856.687976815 5011.22409299812 5134.17483911139 5334.35470529559 5415.73660668957 5492.13418966954 5573.40625797161
4500.01475407954 4677.28130183214 4755.41613720578 4843.01353004466 4902.49228138402 5311.80009633767 5381.42374759033 5422.66381738587 5529.3400402702 5593.9787705627
4141.52283753343 4804.25617889621 4807.3177125061 4946.02136826413 5188.64244262334 5241.97820536433 5256.6979986079 5477.38973132654 5514.62999036359 5545.76003250817
4395.45141949027 4618.50417349238 4812.37736092957 4833.84887396944 4882.1225081208 4892.76480547558 5182.27374970578 5407.49101252171 5491.99757515021 5544.21377884881
4529.3347674376 4530.74599602973 4636.31709956389 4749.80863808965 4951.61133276758 5001.6169631369 5013.11265228113 5018.75690364257 5402.54012289334 5503.36455859251
4391.19980035501 4473.82833194593 4648.85272864802 4660.412640293 4754.28856900882 4790.31848602208 4859.08663811221 4909.70445203347 5510.90238596315 5520.51562748091
4401.73288635146 4520.12661124115 4632.18118529594 4720.54825329079 4732.29151003972 4807.68422637294 4956.61800790301 5194.56563780582 5470.52022032936 5567.97119161271
4193.89557143005 4308.13756518019 4479.7111622367 4685.52634961963 4762.26979715045 4770.42963456583 5099.97325704528 5276.23973172255 5540.94339638169 5577.43687320621
4491.68574522968 4560.56949809326 4609.51870216798 4722.16749449226 4722.23328178836 4798.40793040297 5102.19070628442 5142.91613365629 5527.19684236549 5582.02887453881
4475.57463287218 4681.50296579536 4725.35431125887 4811.8838078191 4891.19650697066 4967.48165130689 5220.08527416294 5353.18662071477 5581.73601594451 5582.85127852264
4649.88751671902 4766.0951257789 4812.91758241166 4872.78532043917 4892.41946220155 4912.05121477117 5141.4717803134 5222.99506894844 5366.84461344499 5574.71420181118
4448.84119445214 4771.48290751524 4790.70414653365 4851.21526570186 4916.582286057 4951.96175147345 5301.39591698774 5395.79450804842 5431.43975612631 5535.5919602685
4276.08959543253 4582.58156265333 4629.42791897205 4787.30819884796 4824.64995804124 5025.44677986712 5064.14656444264 5234.13949056364 5507.65502346989 5916.42393752404
4290.52679336042 4598.15487095664 4642.56747564813 4848.28815726585 4857.32151378389 5033.47274243005 5129.59610220575 5137.67187688382 5710.63111858715 5744.81551057715
4333.6916881863 4667.47379045957 4682.18769299627 4880.63635760003 5027.74399011233 5045.08829747155 5086.79012950217 5112.01673323102 5628.01338977367 6089.02095803283
4575.50239135069 4603.65457246863 4731.7036554504 4749.04062369508 4858.94518947231 5002.26655005788 5150.13903561679 5222.07108672008 5497.97723172782 5685.60667896237
4542.82367247719 4666.3787595082 4671.92088774067 4744.99790360403 4874.85054547966 4922.36572160042 5351.31239025856 5399.31703779805 5526.56648831752 5841.35137058718
