168.180889602397
171.234832586785
168.961547388948
174.387922689238
168.839778250782
169.420921164133
171.228632484699
172.553567818605
169.585403174882
165.976746621492
168.069123700592
172.395294395565
171.682215255178
172.535360809776
171.366234611611
176.883803819215
170.539734796505
169.801228754562
172.365461012407
171.383321287811
170.646099394215
171.12785887799
167.708071053541
168.151353290752
168.336485545949
168.733149401935
168.176487400814
170.133878940712
174.745375788281
170.00647241477
171.286780932821
172.288697150488
173.923545008226
177.408555520271
170.995182181645
170.472956214224
169.052102118285
169.665390430403
172.121117817606
167.526139378774
171.374962213913
170.964141545721
171.779515174779
176.089042845747
173.458622581948
176.27125219152
171.760773451967
173.72862790589
