11466.375927361 11959.6242130959 12314.1445950784 12940.0428380687 13012.4154061657 13571.4172217112 13716.3160063327 13794.4607419903
11021.120174737 11386.8730011364 12803.8058246467 12953.3880019955 13013.7394532653 13182.2682111055 13734.5690374933 13808.2752142044
11759.7701206911 12067.0792392139 12732.8760934013 13124.9258811705 13287.456527186 13407.6655811977 13799.9775637751 13877.1429749933
11687.0914195827 12262.7397671348 12795.9743082997 13151.0423086666 13272.3072672015 13625.2829403173 13659.0601006434 14383.6986383049
11607.1559441971 12623.0663548189 13267.868400569 13319.0336030895 13576.863893916 13752.7623939065 13798.0825133729 13873.7218896253
11352.5893149827 12092.551232646 12686.5285826763 12977.8833602287 13039.7552294823 13669.770324867 13763.6965819247 13950.2108044482
11426.8442097633 12290.1277311066 12939.151035115 13045.7106909548 13073.2209453527 13408.772042789 13649.7305957328 14005.949196723
10751.1966280517 11442.5080398036 12977.7611904416 13330.9638658802 13382.9413385243 13547.905379167 13592.3766619667 13795.3174958538
10849.1093479478 12064.1895404333 12795.8567496622 13132.9393433299 13360.0385692999 13411.6294148144 13616.1820095523 13889.0279117417
11465.5052018686 12192.377144882 12789.006468298 12921.4776185677 13409.0047008216 13411.6294148144 13641.4471865148 13838.2695910765
11451.5472213711 12097.3357514763 12327.0035753929 13124.092656981 13284.1400829634 13716.1201523705 13924.146596463 14226.2671566843
12341.101506055 12612.2619450776 12739.4947232075 12863.3379904539 13150.0354226607 13433.0207830829 14225.566383079 14667.8517998306
12073.5992415345 12155.1910035766 12732.0049931032 13183.5766324788 13303.7886540652 13415.6608907103 14390.3353206617 14876.4343616389
11144.5099342552 12395.2965851836 12846.750967083 13196.5675044086 13377.7454947813 13482.0210256248 14493.1502456431 14572.0708920691
11801.7981130567 12205.7378810126 12651.531272078 13160.1025581056 13362.6710779977 13455.3037023918 13822.5377520155 14010.5853364126
11285.0063232415 11890.733674976 12681.989890401 13311.3516480727 13312.4793228834 13372.5888452925 13724.3641871296 14391.6082755806
12105.8835681183 12269.1891544085 12907.3851862086 13320.358574181 13330.5968154087 13381.8849839297 13845.5013632991 14420.8448890281
11515.863861288 11537.874862719 12600.318662521 13160.031099111 13206.7583160621 13274.3831577621 13786.3585703005 14286.3361579872
11386.4252311896 11888.2166476215 12634.5900146674 13163.3893460094 13182.9245247039 13453.9737347622 13503.2225994787 13592.7015310644
11469.1617970945 12122.8363140906 12776.025823017 13230.8440602932 13252.9288744942 13519.8061170285 13608.5340293404 13910.9295022488
11765.6399560677 12728.1996033778 13161.5925278351 13207.765742213 13281.6005139637 13544.5132407307 13779.4094791543 13785.4705959931
11394.721519359 12700.2475731743 12897.6393718269 13156.2823971571 13306.2578998965 13402.6538429229 13731.7239528293 14327.5097719158
11515.767285025 11998.0592661139 13046.0295858549 13339.8601238098 13376.5179419648 13461.3128845596 13696.6969155779 13763.9799707678
11812.8012905045 12492.1144882111 13033.7153628837 13328.2089934187 13432.2221692125 13557.3071616136 14001.8463149406 14438.0456860202
