4376.05105851833 4459.95707672704 4582.04690328137 4692.13859358834 4624.71169133935 4779.93349281913 4635.4123735387 4842.57385622709 5017.73200672705 5192.98701797873
4344.98595039281 4469.73358024656 4472.31855148873 4705.50466200601 4583.48747654957 4800.51422498526 4546.8036785881 5013.80562766685 5070.99460156648 5271.74715884077
4259.86217731487 4509.38512094956 4612.64630069253 4752.69531502804 4646.00092681997 4719.97629740466 4848.58923164727 5075.02548798128 5077.42062574821 5279.24944168014
4355.50453067668 4510.54904597285 4531.36605811077 4836.55439981262 4644.6091423066 4751.03920096337 4559.68040277139 4914.78205661647 5188.67602570475 5253.11870863816
4140.13796097706 4520.65632791436 4520.99123363962 4860.70946128176 4648.91848640783 4834.37575811817 4596.55794337471 4967.17035322386 5223.28649536247 5287.13504982533
4223.9713682338 4474.17059875104 4532.20273647031 4923.95402854797 4770.41989210354 4738.95743746983 4738.51318491991 5110.56478034727 5192.33189622456 5240.74031050031
4224.3537875391 4623.25943475743 4661.17795147531 4827.42019817237 4782.89184193676 4838.88471783252 4699.20665900928 4899.41891844331 4943.16763048831 5059.87056444539
4260.92668236505 4429.15015215134 4583.35721918403 4703.43804174515 4824.55500815675 4802.68844441537 4762.88235956704 4832.96614581118 4851.88474679831 4941.1319531609
4477.08096556106 4556.51043907084 4589.70885350094 4655.73115928433 4758.48635632853 4711.33001322255 4645.29598579907 4836.89116714418 4846.17706012204 4849.5165797182
4311.35915425559 4497.7936675046 4642.01778823376 4742.44560214893 4767.79174636295 4792.39582470189 4756.23090989209 4858.49519221665 4858.94618894925 4893.69324227013
4241.78895774258 4576.07609903634 4664.68868941617 4830.01439741863 4691.14164747186 4854.45204913134 4812.56223903759 4869.58822917744 4915.35038032712 4996.51620694049
4011.29953379699 4533.54085795561 4599.33160090089 4861.08302099214 4716.35873188727 4699.88312275863 4726.43226035691 4916.01677456963 4945.62226270396 4957.74220459829
3930.91737271198 4536.95922811962 4552.9721023791 4875.0876616556 4680.19272562388 4695.23727350452 4723.67983290908 4876.46464397499 4932.40434994338 4946.95033352774
3975.49393406508 4535.39533672757 4557.33091819259 4858.14695640646 4580.86719206926 4737.13814104515 4769.79826881089 4944.19917101785 5061.33857750895 5145.20208178308
4312.06423100792 4574.85585167692 4589.57006820671 4875.47534262718 4686.83030767561 4762.5841930352 4841.82570417356 4877.84493307721 5006.09402607892 5199.4267418573
4345.8511012028 4449.68563544518 4470.32640427129 4854.6084762384 4796.74784619643 4886.38591790292 4728.23299385406 5078.74300284096 5143.4976352454 5168.63506375832
4322.29696839501 4481.94072856691 4543.10194480378 4725.339044182 4845.27929054921 4581.43029205538 4585.3976879447 4871.45513395924 4926.8623844017 5245.90088459516
4016.57447420578 4354.39126777206 4520.65413431753 4625.74786027469 4539.33264834622 4715.21492762883 4830.26136304095 4835.61096898095 4955.94319691673 5049.60630633344
4237.18289903002 4370.2826586004 4578.59265823594 4658.78619706507 4687.16340608894 4659.01351560154 4815.680042498 4871.45523006492 4940.38872080493 5035.47251448907
4205.42187483398 4455.02325602722 4487.10257039808 4664.73005177966 4515.3962943362 4761.93039664268 4635.0960615881 4849.54780703219 4923.4040365275 4960.9715390315
4169.85043688122 4466.49545774848 4486.94927823367 4686.96281945498 4579.70372701417 4508.31664028718 4576.1822627681 4848.52263811042 4857.99129344528 4944.43903602916
