83.632529978152
83.1733198450409
83.1733198450409
82.9561176529095
82.9561176529095
82.9561176529095
82.9561176529095
82.9561176529095
82.9570132982915
82.9718076075625
83.1200562883473
83.9542735347983
83.9542735347983
83.1485341013694
82.7308282682499
82.7308282682499
83.1936913955387
83.1936913955387
83.3814860326249
80.3714819294382
80.3714819294382
80.3714819294382
80.3714819294382
80.3714819294382
80.3714819294382
80.3714819294382
80.3714819294382
80.3714819294382
80.3714819294382
80.3714819294382
80.3714819294382
80.3714819294382
80.3714819294382
80.3714819294382
80.3714819294382
80.3714819294382
80.3714819294382
80.3714819294382
80.3714819294382
80.3714819294382
80.3714819294382
80.3714819294382
80.3714819294382
80.3714819294382
80.798044195048
80.798044195048
80.798044195048
80.798044195048
80.798044195048
80.798044195048
80.798044195048
80.798044195048
80.798044195048
80.798044195048
80.798044195048
80.343787361179
80.343787361179
80.343787361179
80.3178417382704
80.3178417382704
80.4368704505264
80.4368704505264
80.4368704505264
80.5785299118294
80.5785299118294
80.5785299118294
80.5785299118294
80.5785299118294
80.8654883790263
80.8654883790263
80.8654883790263
80.8654883790263
81.0120228043689
81.0120228043689
81.7828071819744
81.7828071819744
81.7828071819744
81.7828071819744
81.7569192595667
81.1084043691195
81.1084043691195
81.1084043691195
81.1084043691195
81.1084043691195
81.1084043691195
81.1084043691195
81.1084043691195
81.1084043691195
81.1084043691195
81.1084043691195
81.1084043691195
81.1084043691195
81.1084043691195
81.1084043691195
81.1084043691195
81.1084043691195
80.817177991084
80.817177991084
80.817177991084
80.817177991084
