4263.11465130105 4455.19145170155 4691.55400077538 5152.42346367356 5388.43087133579
4263.11465130105 4452.00506331337 4690.53951478221 5152.42346367356 5388.43087133579
4272.53165108718 4455.72187366467 4694.94066086069 5153.68104082957 5424.48535808617
4272.53165108718 4455.72187366467 4694.94066086069 5153.68104082957 5424.48535808617
4407.69667922725 4468.21323754153 4733.89439504087 5063.09537517586 5251.55674817171
4244.79653239779 4453.15871465464 4733.89439504087 5172.26872007646 5459.96935558735
4424.68009120299 4469.78277059146 4686.23440676423 5051.71333575292 5229.82836276771
4427.995279409 4478.98643085992 4681.57936442518 5051.71333575292 5148.40167873999
4427.995279409 4478.98643085992 4681.57936442518 5051.71333575292 5148.40167873999
4427.995279409 4478.98643085992 4681.57936442518 5051.71333575292 5148.40167873999
4427.995279409 4478.98643085992 4681.57936442518 5051.71333575292 5148.40167873999
4427.995279409 4478.98643085992 4681.57936442518 5051.71333575292 5148.40167873999
4427.995279409 4478.98643085992 4681.57936442518 5051.71333575292 5148.40167873999
4427.995279409 4478.98643085992 4681.57936442518 5051.71333575292 5148.40167873999
4427.995279409 4478.98643085992 4681.57936442518 5051.71333575292 5148.40167873999
4427.995279409 4478.98643085992 4681.57936442518 5051.71333575292 5148.40167873999
4418.79125161022 4485.75609287702 4658.29062933984 4979.59066642341 5148.40167873999
4418.79125161022 4485.75609287702 4658.29062933984 4979.59066642341 5148.40167873999
4418.79125161022 4485.75609287702 4658.29062933984 4979.59066642341 5148.40167873999
4418.79125161022 4485.75609287702 4658.29062933984 4979.59066642341 5148.40167873999
4418.79125161022 4485.75609287702 4658.29062933984 4979.59066642341 5148.40167873999
4418.79125161022 4485.75609287702 4658.29062933984 4979.59066642341 5148.40167873999
4418.79125161022 4485.75609287702 4658.29062933984 4979.59066642341 5148.40167873999
4418.79125161022 4485.75609287702 4658.29062933984 4979.59066642341 5148.40167873999
4418.79125161022 4485.75609287702 4658.29062933984 4979.59066642341 5148.40167873999
4418.79125161022 4485.75609287702 4658.29062933984 4979.59066642341 5148.40167873999
4418.79125161022 4485.75609287702 4658.29062933984 4979.59066642341 5148.40167873999
4418.79125161022 4485.75609287702 4658.29062933984 4979.59066642341 5148.40167873999
4418.79125161022 4485.75609287702 4658.29062933984 4979.59066642341 5148.40167873999
4418.79125161022 4485.75609287702 4658.29062933984 4979.59066642341 5148.40167873999
4418.79125161022 4485.75609287702 4658.29062933984 4979.59066642341 5148.40167873999
4418.79125161022 4485.75609287702 4658.29062933984 4979.59066642341 5148.40167873999
4418.79125161022 4533.13915585612 4658.29062933984 4900.59099916749 5272.44826241841
4418.79125161022 4533.13915585612 4658.29062933984 4900.59099916749 5272.44826241841
4418.79125161022 4533.13915585612 4658.29062933984 4900.59099916749 5272.44826241841
4418.79125161022 4533.13915585612 4658.29062933984 4900.59099916749 5272.44826241841
4418.79125161022 4533.13915585612 4658.29062933984 4900.59099916749 5272.44826241841
4418.79125161022 4533.13915585612 4658.29062933984 4900.59099916749 5272.44826241841
4418.79125161022 4533.13915585612 4658.29062933984 4900.59099916749 5272.44826241841
4418.79125161022 4617.26276371862 4636.30721024075 5006.93154299504 5266.34917124616
4418.79125161022 4617.26276371862 4636.30721024075 5006.93154299504 5266.34917124616
4418.79125161022 4617.26276371862 4636.30721024075 5006.93154299504 5266.34917124616
4418.79125161022 4617.26276371862 4636.30721024075 5006.93154299504 5266.34917124616
4418.79125161022 4617.26276371862 4636.30721024075 5006.93154299504 5266.34917124616
4418.79125161022 4617.26276371862 4636.30721024075 5006.93154299504 5266.34917124616
4418.79125161022 4617.26276371862 4636.30721024075 5006.93154299504 5266.34917124616
4418.79125161022 4617.26276371862 4636.30721024075 5006.93154299504 5266.34917124616
4418.79125161022 4617.26276371862 4636.30721024075 5006.93154299504 5266.34917124616
4418.79125161022 4556.10612471979 4728.01032409419 4904.99208115076 5266.34917124616
4418.79125161022 4556.10612471979 4728.01032409419 4904.99208115076 5266.34917124616
4418.79125161022 4556.10612471979 4728.01032409419 4904.99208115076 5266.34917124616
4418.79125161022 4556.10612471979 4728.01032409419 4904.99208115076 5266.34917124616
4418.79125161022 4556.10612471979 4728.01032409419 4904.99208115076 5266.34917124616
4101.36084612151 4556.10612471979 4728.01032409419 5328.84658093918 5532.03665557507
4101.36084612151 4556.10612471979 4728.01032409419 5328.84658093918 5532.03665557507
4101.36084612151 4556.10612471979 4728.01032409419 5328.84658093918 5532.03665557507
4101.36084612151 4556.10612471979 4728.01032409419 5328.84658093918 5532.03665557507
4101.36084612151 4556.10612471979 4728.01032409419 5328.84658093918 5532.03665557507
4101.36084612151 4556.10612471979 4728.01032409419 5328.84658093918 5532.03665557507
4101.36084612151 4556.10612471979 4728.01032409419 5328.84658093918 5532.03665557507
4101.36084612151 4556.10612471979 4728.01032409419 5328.84658093918 5532.03665557507
4101.36084612151 4556.10612471979 4728.01032409419 5328.84658093918 5532.03665557507
4101.36084612151 4556.10612471979 4728.01032409419 5328.84658093918 5532.03665557507
4101.36084612151 4556.10612471979 4728.01032409419 5328.84658093918 5532.03665557507
4101.36084612151 4556.10612471979 4728.01032409419 5328.84658093918 5532.03665557507
4098.31160683888 4521.12251553145 4677.7098796131 5328.84658093918 5532.03665557507
4091.56716327415 4650.52365685325 4677.7098796131 5359.92978157575 5437.74499330651
4091.56716327415 4650.52365685325 4677.7098796131 5359.92978157575 5437.74499330651
4091.56716327415 4650.52365685325 4677.7098796131 5359.92978157575 5437.74499330651
4091.56716327415 4650.52365685325 4677.7098796131 5359.92978157575 5437.74499330651
4091.56716327415 4650.52365685325 4677.7098796131 5359.92978157575 5437.74499330651
4091.56716327415 4650.52365685325 4677.7098796131 5359.92978157575 5437.74499330651
4091.56716327415 4650.52365685325 4677.7098796131 5359.92978157575 5437.74499330651
4091.56716327415 4650.52365685325 4677.7098796131 5359.92978157575 5437.74499330651
4091.56716327415 4650.52365685325 4677.7098796131 5359.92978157575 5437.74499330651
4091.56716327415 4650.52365685325 4677.7098796131 5359.92978157575 5437.74499330651
4091.56716327415 4650.52365685325 4677.7098796131 5359.92978157575 5437.74499330651
4091.56716327415 4650.52365685325 4677.7098796131 5359.92978157575 5437.74499330651
4091.56716327415 4650.52365685325 4677.7098796131 5359.92978157575 5437.74499330651
4091.56716327415 4650.52365685325 4677.7098796131 5359.92978157575 5437.74499330651
4091.56716327415 4650.52365685325 4677.7098796131 5359.92978157575 5437.74499330651
4091.56716327415 4650.52365685325 4677.7098796131 5359.92978157575 5437.74499330651
4091.56716327415 4650.52365685325 4677.7098796131 5359.92978157575 5437.74499330651
4091.56716327415 4650.52365685325 4677.7098796131 5359.92978157575 5437.74499330651
4091.56716327415 4650.52365685325 4677.7098796131 5359.92978157575 5437.74499330651
4091.56716327415 4650.52365685325 4677.7098796131 5359.92978157575 5437.74499330651
4091.56716327415 4650.52365685325 4677.7098796131 5359.92978157575 5437.74499330651
4091.56716327415 4650.52365685325 4677.7098796131 5359.92978157575 5437.74499330651
4091.56716327415 4400.40552244671 4814.39424334546 4885.19191075019 5437.74499330651
4091.56716327415 4400.40552244671 4814.39424334546 4885.19191075019 5437.74499330651
4091.56716327415 4400.40552244671 4814.39424334546 4885.19191075019 5437.74499330651
4091.56716327415 4400.40552244671 4814.39424334546 4885.19191075019 5437.74499330651
4091.56716327415 4234.07907518748 4782.4988611223 4885.19191075019 5437.74499330651
4091.56716327415 4234.07907518748 4782.4988611223 4885.19191075019 5437.74499330651
4192.50792296208 4234.07907518748 4782.4988611223 4972.3517419575 5569.50048815267
4192.50792296208 4234.07907518748 4782.4988611223 4972.3517419575 5569.50048815267
4192.50792296208 4234.07907518748 4782.4988611223 4972.3517419575 5569.50048815267
4192.50792296208 4234.07907518748 4782.4988611223 4972.3517419575 5569.50048815267
4192.50792296208 4234.07907518748 4782.4988611223 4972.3517419575 5569.50048815267
4221.62376873722 4288.38314444713 4808.07982535707 4892.53502710968 5569.50048815267
