4108.9988594259 4463.43920970022 4656.09752141745 4679.96709224058 5216.22444736646
4240.54626499063 4259.47949696228 4738.70316276398 4850.77680889691 5336.52908734951
4180.23681394346 4253.97919230719 4691.99250200342 4723.52895572969 5273.30376823818
4041.51004509909 4370.29990085747 4706.95951564292 4713.71929176929 4946.51823789681
4103.06064742587 4337.76744593585 4601.10282394717 4739.48306691161 5088.50288878554
4121.76726780338 4270.50715286631 4659.20075624919 4687.50791332192 5057.69817496023
4116.43992513062 4298.11453035232 4627.89970535597 4653.00629346448 5227.49552714403
4200.22087875638 4200.90332389576 4595.42194578652 4668.7349706979 4891.35577933296
4137.73910230714 4199.30150349656 4474.33711281921 4633.53509300194 5149.0086357416
4256.56783288419 4476.18320356535 4866.95775965228 4920.24723731556 5269.47162888095
4122.86324442502 4525.50153152941 4779.33218478087 4808.69845782154 5244.60848510599
4117.56782857698 4420.25677945267 4737.65539844903 4745.46207148895 5238.63080315594
4117.32338026233 4615.52731730752 4618.0996097943 4847.42275133063 4937.39499230346
4119.01395066391 4410.32164125896 4648.78607774859 4846.54948050467 4990.35957967358
4213.22697387869 4565.1599882697 4693.6612692337 4709.50939029901 4958.69507472149
4199.05923059649 4369.3529051106 4619.44776771406 4722.44691316373 4988.27268318529
4136.92016472462 4369.82325031503 4657.81723855719 4822.71911146705 4968.87628596367
4270.33534404797 4375.85188747522 4687.56545834234 4743.1191434046 5085.85713078806
4300.26018013592 4498.78388212516 4675.58609628939 4746.11914531964 5509.63521309802
4328.46946737626 4417.48097834186 4731.69754460716 4838.86250193739 5130.83885696262
4296.81878336817 4326.98358620856 4687.44378540228 4892.91710107546 5441.06543641202
4234.95195110839 4265.9993029555 4604.44616651939 4768.10502894783 5128.83321827421
4134.37461619559 4353.34251878645 4604.26245426092 4855.23035387554 5418.9791672097
4086.79355401336 4140.33119649543 4842.23752244976 4892.74063674498 5000.88020330089
4102.71128763692 4191.16877402052 4530.37636135503 4968.6645056819 5248.39103761757
4112.93418407339 4282.79271748498 4609.39851600807 4683.41597247134 5453.40525550582
4111.76292831137 4141.27722462657 4557.49223711058 4962.97502414641 5041.80853370318
3993.07039007939 4124.08591676797 4469.00813571466 4828.09426225523 5259.84815147863
4124.7238298914 4258.14801461707 4469.00813571466 4849.42453038407 5286.46727351971
3920.16113477745 4212.46710949515 4455.91702066545 4882.28600755226 5512.08058775719
4194.35846167666 4407.77591835585 4638.30386364286 4839.21788246401 5219.03502106487
4074.98522518394 4325.11104867362 4548.61677132041 4813.2116124207 5379.64044203928
4078.70591562451 4395.51507623194 4620.75582061374 4734.33145066625 5217.62226775507
4094.12209646822 4540.5921280386 4657.58762327559 4832.46999045163 5239.18554599629
4129.70275981528 4457.0585175698 4580.21851171084 4885.14523179608 5552.98326981587
4172.16158322589 4365.86565478867 4626.84946921319 4942.88905414485 5197.77152769963
4276.11867659406 4302.13290396707 4758.30528667744 4890.61078596564 5163.82598184388
4136.29187163593 4375.84327080438 4514.6562654607 4807.51740918922 4883.33272165933
4014.20536562089 4515.00507178938 4539.59175309826 4765.2273210484 5056.3968512189
4069.16744058332 4417.97067218856 4794.23737021955 4851.21558583168 4884.04901092513
4014.67827395611 4226.29827185031 4292.67736483542 4493.1646005638 5256.07309514042
4039.14025636353 4238.93362092929 4408.73653640621 4641.33886098037 5246.21080663259
4009.54689693419 4252.19360449069 4683.22070018347 4958.37593785584 5201.27050642126
4010.3233268715 4342.17773137286 4793.47914947072 4831.13059912385 5258.86454338498
4226.63057805163 4597.35939653095 4765.53264174924 4815.6332288768 5037.8516125734
4063.82067463123 4342.1038423828 4711.26519552209 4810.5691759965 5175.56622087849
4119.09687691926 4364.28858411476 4462.3352728588 4785.78558913614 5035.94662557056
4111.548806956 4331.20493831517 4575.18592217755 4758.15162456591 5174.26949689377
4079.60792359058 4447.09697716943 4648.538396589 4828.71123055032 5295.41119244681
3999.87696107716 4327.55591011698 4573.39053389496 4779.65137837653 5260.07190855291
4068.74200567918 4359.50196507176 4663.44520015034 4685.32684504477 5206.6288710566
4079.8205857044 4336.9121471883 4670.6246033346 4895.08713146588 4958.04953044668
4142.18209200826 4294.8547775296 4732.38209171566 5014.98472850373 5045.68970137481
4226.1957202942 4471.39157224661 4502.76532462612 4883.60101822957 5282.894120891
4383.24018752513 4451.60244624967 4543.13826952061 4985.08343493641 5183.1648355925
3946.80395203861 4164.40384806203 4543.13826952061 4802.34730357567 5242.24691586108
4359.83746031502 4505.36777372964 4558.49329120988 4884.64287890217 4906.97154119685
4090.06374647431 4380.6437282056 4586.1737297635 4807.48908408117 4855.90503150783
4052.28106059132 4551.36544847277 4651.8946671926 4707.08878111281 4971.95176107922
3923.27759693348 4447.19875582481 4664.50355220664 4733.27102602876 4871.41286562829
4188.6159949917 4233.4581631549 4786.90955315102 4837.4911460187 5128.73946259981
4198.40032685477 4226.24990992546 4770.94178082801 4800.74548957233 5032.29453186041
3993.89295704682 4313.81247867894 4604.70030396846 4767.03320150691 4933.75923232598
4021.08309563425 4193.46244729679 4902.57481759864 4961.71711042636 5168.94306115037
4095.58355923818 4257.03822795894 4523.0335419115 4780.33071296418 5119.2096268288
4279.42252654054 4407.05180126251 4443.42643384833 4560.23536826079 5122.72857291953
4163.35597418462 4432.43018973197 4474.89609510289 4610.23129049232 5142.49378746628
4030.4561206244 4323.12541665427 4684.06531868675 4754.50912694858 4937.13777072134
3983.42287825377 4276.07583902224 4676.45383517078 4686.16130089155 4895.22596313257
4045.61426094164 4518.85340858592 4657.7267139557 4922.18196172744 4999.55197434802
4058.64069852985 4344.21967863294 4834.28627272628 4892.88677913857 5090.48041628858
4138.70094796349 4302.17439956751 4712.12879355855 4852.84552959963 5252.19717065459
4208.90703454045 4359.09126390159 4714.27936263032 4811.49954379909 5147.85560906241
4086.5972571744 4449.50911840762 4802.22260305965 4867.77923917686 4961.40952616081
4098.00834332829 4401.12845348732 4431.36477263667 4853.42574175242 5154.0681665685
4016.20055257863 4186.5476349595 4590.98844669141 4842.5857257765 5240.57818370945
4055.0179401407 4317.09314844695 4594.74165098371 4656.2038545238 5255.53706445672
3875.11596351517 4121.82707027545 4642.8944203738 4819.95591549859 5073.85476079216
4007.5322992119 4274.12539134125 4465.61596197891 4700.16921575448 4922.41395158169
4203.39466270511 4220.65022488594 4475.09539924688 4564.40838076517 5147.29984721396
4200.69558669748 4254.30917858491 4664.27621126249 4739.19338677041 5192.06689629196
4158.97982714765 4332.03359589371 4711.49339687538 4745.94357928321 4911.68583771013
4186.60204001972 4529.04470216608 4677.51466469907 4858.13631454859 5174.77058059182
4186.48464054205 4396.6208956989 4665.5901055899 4775.24610154173 5009.30048758537
4034.46719155614 4400.06361478168 4756.00052464033 4840.55617935691 5084.39696243845
4116.0283254583 4294.60829725971 4644.7874565202 4766.65576277016 5035.58796594212
4140.70178591805 4346.61714890725 4622.92127235625 4860.97166162626 4972.51167703863
4240.80852759348 4314.52082943587 4670.34748688002 4676.92102233999 4876.13031421385
4450.82870799134 4507.59499573978 4631.49734869878 4670.56146656378 4901.59120077808
4287.78022316644 4311.85266366572 4633.72850819413 4864.07230103057 5123.65721564066
4078.02947705185 4163.14761604855 4653.29662121921 4727.07892213793 4832.36151467057
3917.08750184455 3998.613438689 4462.27773410405 4816.97407568033 4915.81443073324
4180.44995743052 4214.16547995535 4548.78847982271 4616.55943994181 4983.19781454708
4065.90146240032 4423.23602592704 4542.4254184073 4788.04220019008 4995.65347297021
4115.18433930398 4401.78886043531 4586.33520242825 4643.61940312579 5136.87650524444
4216.2222615916 4609.58186792911 4702.00340081282 4853.73352806622 5078.95850063784
4057.25683344385 4302.17738969355 4724.57214164168 4871.1318003872 5012.59386974496
4138.35628781532 4250.59196718205 4783.48384534916 4790.09977268065 4950.25688616246
4264.70874901091 4311.15767532933 4645.9514406317 4930.09327274443 5035.11259699829
4137.64583141929 4253.07402434355 4667.00605810732 4848.83947332683 5135.50260751197
4342.41666199924 4548.72257886992 4673.72786945086 4695.95824818207 5108.56439247581
4295.18654722036 4511.41940962069 4635.99592425415 4807.5352523921 5103.11091522504
4288.45096133537 4513.16842604127 4766.58458557505 4804.65445978156 5260.98201561396
4354.55387308898 4519.82261725898 4726.22212847568 4749.30937400126 5104.45623270012
4406.24370497594 4506.59535790294 4585.66378292008 4657.95732485503 5059.23029782207
4149.51120074427 4476.08830727195 4740.7882800254 5030.35142001329 5279.82722775181
4116.94216407877 4478.50279434428 4622.56420704416 4630.36601794072 5244.19895542646
4024.68126167649 4526.32253101463 4640.12120793824 4837.21213054326 4899.90913556484
4053.34727580927 4513.78724411248 4561.17628932041 4564.81799551394 4942.38406949642
3843.34224951602 4481.66396127809 4523.46952727945 4653.41799902573 4891.86205197548
4012.48386008805 4260.16848015199 4527.40869288001 4690.28945453742 4904.93661501964
4271.03521107313 4509.46822426451 4523.05136706949 4619.24923532252 5025.15087407373
4359.88832982885 4483.50721280402 4542.99264010594 4619.65774716374 5183.59088157915
3920.92368769701 4235.47442899032 4664.85984077895 4843.97208923868 5377.06893894749
4044.90441386716 4328.973272463 4771.8741528822 4819.04876924927 5043.4868360568
3937.79592073839 4299.33312998217 4674.10323381243 4847.42074480766 4912.93061355857
4076.61091547749 4117.20784558994 4815.41141086824 4822.4981706958 4890.76944256491
4045.70381269276 4503.50227089543 4747.20514382597 4829.27182097211 4958.12539951032
4170.78412496195 4516.69320963826 4703.60054379583 4739.04142006617 4845.13141869447
