79.9245814519571
82.1264193306938
79.5893694597271
80.0544427074137
79.7546594547244
79.7041696677835
79.3530762333456
80.461769308882
81.9720155877773
82.2595984360074
80.5329592599676
79.0669778433405
81.5617035459899
79.3010971685154
80.5338126693486
79.3979213245664
79.2785075859303
79.8987679526582
83.4185813417413
79.8112034583596
83.1557045549467
80.3116760474957
81.7092311703518
82.6278933758848
81.9712620312196
82.2821431289442
83.0296749048729
82.5999725398576
81.2873324181737
87.565020481551
79.3956666621424
82.5980724334984
79.8271870149194
80.3798428138456
84.7586135100312
80.3824017666537
81.0867273812046
81.2178290661402
80.8307541925296
80.4281335073121
85.8059381000361
83.3684706643324
81.1860193726196
79.7409154667716
81.070029886632
80.1184823697923
80.7118607492434
79.9710112372656
80.4470494892322
80.6129832101535
79.9703344739475
81.3147155373363
80.9294252445461
82.9445578238587
83.2438851419617
81.9951306964538
82.4375331538768
80.578331570595
81.1937043540989
81.4326810702252
80.2621660896571
80.5411347228072
80.6367562124632
82.8947472539746
80.9153850490241
81.9148385321662
81.562398110021
80.0122727745555
80.8059073515788
81.5711351626895
81.5656131054121
79.5934686003339
79.3997710339233
81.0267379983928
81.6629033861436
80.4453724690085
80.2192265108056
83.2745516295716
81.352188090051
82.7504289385785
79.2479814941369
79.3774323428487
81.0630347747109
79.6892051855425
79.865185926417
79.7352704380069
80.2115704840488
79.823404184086
82.6251491706881
80.4148219346282
82.1041727021062
84.5038703334045
81.2425197274939
80.9137731668551
79.8110722029414
81.1986384008431
80.8746420900767
80.4555313175777
80.9802550764633
79.8502904443163
81.1046126246324
80.3275054029796
80.2240434655148
80.4231736038802
80.6199550831412
81.440618310214
79.9064035398614
80.7461680788549
82.1456670262469
83.2111853055977
80.9164892242163
81.1595391784041
81.2699525561794
83.6784541791432
80.1435024042335
80.6987302727097
81.2204054666072
80.0032267876872
80.7587659160695
