81.0374953859757
82.9273518621074
84.4406071418534
82.2902333689437
82.6369996634137
82.0510433673252
80.0258350822365
80.2865700161169
81.5271625321376
81.8469163082003
81.5971925934852
80.5232714750926
79.8595150891089
80.7901882972066
79.1648799806472
79.274989481275
80.6559698062333
78.9759704658428
79.9792147260896
80.1268575081436
80.8976699013253
82.1696547097579
81.6048863827819
83.5392845389241
80.7869965248316
80.9568997820245
81.4039735410524
82.7330415129906
81.9900271358626
82.8405653634461
81.9770992415558
88.366517962242
83.891228123612
84.3976466592276
82.5960131153885
83.6293198930236
81.4226575292737
81.712314664212
80.5142225104298
84.1084485827235
83.7446372626974
83.7446372626974
81.1000878869763
81.0805009598072
84.3071339497609
83.0465389059983
83.8661812494246
81.8442290598865
81.3407803006042
79.940681868291
81.9270157727487
80.1726603029802
80.2898407714312
79.5124683943401
79.6607732379201
79.7376918943048
80.3076965610643
80.9022657847749
80.4808011370631
80.8607453410856
81.0020125501069
82.8288408180703
82.8288408180703
82.8288408180703
82.1930271166604
81.6067348099698
83.2648064010965
83.763730254582
83.5691911255086
82.5208339110247
83.3184596916361
83.3093631959616
81.3618714769239
82.4966528873427
83.8654674484851
81.3699616217022
80.7105971962636
80.3832659034978
80.9243677523696
81.5712358376137
79.5905045713973
81.1853505491593
81.9564697499943
79.7323574850606
79.3912539020414
79.4725803737575
81.461906977331
79.6502909031381
79.1110681194427
79.7186461379652
79.4049822806766
83.75307626693
82.5193916561475
82.8762246343445
80.840491744924
79.6910302893453
79.6690241840249
79.0154367503336
79.9104993947563
79.4318426543717
80.9961658492081
79.6463928820029
80.1687953359798
81.8189517876923
81.8711240794357
81.2422508790627
81.7475847056188
81.1889928161782
81.2136212387949
80.9751287614367
81.7008794737398
81.391399657819
80.5231610205954
81.2523341612678
79.5080019127637
79.8747319412404
80.5518296160844
80.5885158042572
81.2021791799093
82.0603249380759
79.444493754572
79.4305988123627
79.9955163706274
80.551806644208
82.9147163958415
81.5549096939471
83.8387367827723
83.0648036579176
82.00912049219
85.2510451717821
80.3092575658299
80.5223700227234
80.5900236041637
80.4612759473878
79.8119363581396
79.2345994298091
79.7955454490796
82.3839894215424
81.8742030700968
79.4622275759743
80.4680470542544
80.6643467034075
79.9519108943057
81.2611927325449
81.5062000782319
80.5875301384426
82.6670569841464
83.0027380599533
81.7220004246526
81.8238088299381
83.2632137776478
84.5806102321875
83.6677262548257
81.8377671369523
81.5782447373666
81.3697282211969
80.8341143513604
81.8585071394078
80.8358909525593
80.3501600448692
82.8124618394913
81.242938589536
84.4391068868973
82.8618022110028
81.7419436636052
80.8664440729501
80.6313380191703
81.2881841552814
82.0528559398537
79.4663366891276
80.297412809543
79.543390627256
80.4750678802225
80.999976366644
80.5110350488877
80.028720632587
80.3801362751778
81.3079316713229
80.4010361158618
80.2870454827029
81.819056049608
80.9077787412818
80.6567619751823
80.6040112831949
78.9963861473469
79.9050750172966
79.4924514460186
79.1467467410999
83.5057852068067
80.2401797925535
80.6395861519829
79.0647055386018
79.1885817042235
79.9019115973772
79.6792451473733
83.301721678639
79.1459223880025
82.9713702057259
80.9323074872895
79.4790620249174
79.6651135452439
81.1153797073745
80.9210221319103
81.8722742159205
79.7839250191646
79.3224695661203
80.1553193898995
82.3089140148413
85.1718827321092
83.0696200198982
84.4076452019313
83.1464020766673
84.5167997399296
79.7218326318365
80.3408571666469
83.3817795231145
82.822980523122
81.2579510505068
81.8806695790507
81.2473159114654
81.2473159114654
86.6881096071191
81.4251289339674
81.3137474928893
81.2067944260536
80.1290544749333
80.4291307902173
82.2825989162727
85.2091608649799
81.4927525646333
81.4147400225895
79.9658677871918
79.9658677871918
80.6937078463144
82.2021451688253
83.2826449427707
83.1680838774352
82.2461358710092
81.1246461164087
81.6855501926242
81.9669919623643
83.1375534456675
85.8293559150035
83.0762860372473
83.9864110381835
85.5936320539557
83.1786978536307
79.5492699801035
80.576439557559
80.2289619401137
83.2380127064231
82.5612234437583
84.4916567865518
81.7801256818172
84.427250275598
83.6199014057391
80.3140038060992
80.7796969382067
79.6851113785794
79.5217486338843
79.3805761127369
80.5598676550832
79.0102377879097
80.1906798706503
80.3775929169267
79.3964656115725
81.1037300082934
80.7395176582285
82.9708675849507
80.9291658579149
80.0946277514021
82.7596224987351
83.0227543195987
81.7203815007259
84.5875747928581
83.5317777412933
83.5697040200394
81.2183902356953
81.2183902356953
81.4132738609929
81.4930902931471
83.754885949009
83.008298613601
82.6771827059422
83.8861015446811
84.0401535703558
81.9770105063208
83.6021208737446
80.7630410045413
80.9517735106142
80.1344260205486
80.2742038129716
81.3775537174632
80.6706253714434
80.2300254326412
81.8906535551909
80.1697173044265
80.151192985075
82.1286736074009
80.1441213547469
80.8731325508841
81.2189392960687
81.1207715739355
81.7313192943473
81.4419975044021
79.8729762070274
81.2702785131629
81.3554590363909
83.9067040862709
82.0987202395817
81.208706709707
82.354076265967
82.0936197522142
81.188729589036
80.5049687156939
80.5631517635774
81.2095718710596
80.0802263769265
80.4096731000971
79.9356488233412
80.0679227789877
82.0011158624013
82.2590747000642
81.02429016339
80.9718846667057
82.7859071704239
79.2288048616384
79.3642256927705
80.1658255264263
79.3826267439714
79.3826267439714
82.3359568942628
81.0391142248297
81.0620133227863
79.7582096716671
79.7922925674537
81.868183504797
80.964925682815
85.9804855159607
85.3511586125563
88.4943833348583
84.4608870051111
83.3544683894998
83.8790289136102
81.4019611426169
81.8605991002729
81.111810625758
85.6079199359229
86.4729727067809
82.3121419917077
84.15627341582
84.5515890767753
87.0375458527915
80.5581763195353
82.9191645834874
80.2171206111454
82.7328093579174
80.410184860167
83.3215592742152
80.958937251854
82.8928327135487
80.9143145178374
80.4347329730433
79.1960135315154
79.4288662847045
83.4810088875096
81.058715122236
81.6676184433486
80.2463583982349
80.1066713162988
79.6934280925337
79.6934280925337
80.7512947432347
81.5806720446777
81.0739965857549
88.8550354965257
90.4379874086368
81.1200472175074
79.0949845029251
79.9747713980288
82.7761551225944
82.6472450802748
79.7444356798202
80.3307210412136
80.5640431769878
81.2924590153427
82.2498023733214
79.4753255046758
80.1562795046431
79.4700453805366
82.1028720617959
82.8763242555457
80.0166838293823
80.2866590309682
81.97861782173
80.9619726039967
80.5191678624577
80.3030351945807
81.8019589322393
81.007492128486
81.6483137953174
80.1478889489554
81.1253203012989
81.5342311280385
80.791087056379
82.374184151153
82.1591059400489
81.5503854210228
81.9649997110451
80.3870221780381
83.070799432403
80.7803776215753
81.3869016221929
80.7755091553219
79.6265552891723
79.2090264090911
79.3634629099261
81.0135658041391
80.9818540893246
80.4218725044024
80.8176404958155
82.8178132339839
82.496311974922
85.2161881544952
83.1042628847597
83.7710029989183
83.1895560356248
82.5552690415928
82.5552690415928
81.65760565951
80.1654006569484
80.8605303805322
79.2127297853318
79.5034583904865
79.8657485932055
80.7784827251733
80.2511574064068
81.8701570236705
80.0659773505215
80.6594403037394
79.2687346325199
81.4793864688712
79.6368211184402
79.7471754285895
79.6055573227383
82.2552269957868
81.222248390455
81.7801935080818
81.5989424195748
80.6149134914255
80.7054420570016
81.0016482027591
81.2980492951793
83.6072424452934
82.5698614841365
79.4434163032898
79.4434163032898
83.9337689446047
84.7293257856616
79.6861273579946
81.7666639989213
81.4491980620372
81.8321676223115
82.0613922068874
80.5110249339499
79.3879863109005
79.1137066344382
79.3016752197616
81.8324126417762
84.4175612001386
83.8958458833413
83.8958458833413
80.8605991653016
80.8605991653016
80.6022911419468
80.6022911419468
80.6022911419468
80.6022911419468
81.5200971439855
79.910506652516
81.5846691046199
82.5844582722925
83.4898615860348
80.7701726667884
79.6052891687215
80.1686921676479
80.1686921676479
81.5006897836555
85.1816410947977
79.397352431964
81.1331169710569
79.7544363067242
79.2268442398329
80.50390841467
80.3622456422513
81.4641595688519
80.7336782317289
81.4354683697419
81.2396381473976
81.0242979931926
79.9574810978491
79.808029728367
79.7276824578934
83.1361566088683
81.9100669691524
80.0989497322178
79.9915124316516
79.8602896769109
82.0994190287276
82.0994190287276
81.5864833878065
80.8861151607952
83.0722056526929
80.5195455389847
84.6743822762215
81.4595898555012
80.5082162313818
80.3747860913683
81.859200282641
79.5832228271267
80.7612712563836
85.1511215229104
83.4059314700621
81.326791297977
79.8788996481819
81.1796058908035
81.2295071245767
82.6528395604597
84.2196904715219
88.4785845950646
88.320379300929
87.6215470253926
85.7979701101961
92.1643966464093
93.0870296949137
94.4520511797454
94.7353903345457
88.9530990871057
84.0791429838546
82.1380363572446
83.538197243169
81.9164727695397
81.2824703669372
80.1080908226824
80.8465227035285
79.3414503355466
83.2058834579198
80.0337433830834
80.8191158053586
79.9784760020053
79.8129241657718
80.4994540016261
80.6861957591567
84.5981921570291
82.5311012421769
82.3283950632795
83.1438622791713
82.24321349863
84.0671298218071
80.5661107300708
80.2832226822185
80.044090146994
84.861279271922
81.3563818711254
84.3851061335819
83.0315566827775
84.808336348176
80.8320942912542
79.7188866363272
80.5887523482542
80.3238863354616
82.4174479202045
80.553201940573
80.6419622195886
79.1807750674579
79.0231832091616
80.0338686788015
82.7799377306506
81.8599266706316
83.1385491627091
81.3179825952451
83.718783546673
81.1358370333221
79.2839082702189
79.2839082702189
78.9349269810518
81.764986431785
79.8196788100845
79.6296068407071
80.5579756235672
80.0101659733812
80.2379409214017
80.7095799927993
81.1680536759571
81.4732068730093
85.6642384310545
83.5492757317014
81.9162303896246
83.9121937867737
82.8305656713075
79.8388520828604
81.4916393930664
81.7233027653556
81.409019009826
81.6253668888252
80.0608786865424
80.2132545207504
81.7961366319884
81.1660711209511
81.7002490490595
79.9005777803664
80.9890079319189
82.7257961982518
81.9121170993386
81.523798763083
81.4234578137607
80.2294380352429
79.627125763501
81.2236240933644
84.6568234200818
81.2008947674298
79.6733873204493
79.5763726171222
81.1593726617532
79.5296666362222
79.341344508472
80.2392965896828
79.6046049377735
80.4843410157793
79.3988810852679
79.4578407057666
79.5421094997689
79.5421094997689
79.5421094997689
79.3671626823933
79.4980958351283
81.7129885414054
83.7363047858241
84.8267543324535
86.1127305109028
85.4869106841925
79.5601146949098
79.4855150992216
79.4855150992216
80.0026814496359
82.1914938761415
80.7426329462461
80.941152510157
81.0418707683973
83.3749245363057
83.0923334581863
82.8245808349042
85.7149160660671
79.7610192955177
80.250993965042
81.0627375859438
80.6697476999215
81.8417543150235
81.3156851522599
84.3980654820074
