4243.04046059127 4301.16772920014 4434.46369774245 4741.74101521828 4903.36356552468
4243.38745365878 4273.57134010034 4521.53932068704 4544.1101203632 4925.37783648847
4277.13058738019 4292.1623739743 4614.39239506163 4684.70945543515 5359.78940237936
4250.37328549533 4356.54483844386 4770.80373618 4826.32751020216 5435.57830131083
4189.09107214034 4296.97785140775 4368.82841146545 4938.18562407398 5465.10688838437
4259.33840975752 4298.556382328 4379.66949903259 4804.82481503437 5289.92516176959
4312.82469233881 4319.66993393439 4383.33300509891 4860.47385599529 5128.26986873761
4172.14728600314 4350.19668364816 4437.16516157967 4848.60763481369 5139.83674903089
4244.76745208489 4587.98057906673 4593.02558458615 4864.99097046653 4931.14719746252
4273.80333558349 4570.63799118561 4819.53838348899 4893.15478063016 4930.52642177614
4395.11692822383 4403.32503996703 4722.32833056244 4838.15965693661 4935.82889881037
4250.96186802647 4304.10242147367 4387.84335440299 4959.51217345099 4962.49351428114
4257.88441847188 4362.13884032846 4517.4820376161 4939.71437319019 4946.49767721002
4358.17638142109 4362.80062920506 4728.50818719788 4950.01699897576 5087.70047319802
4263.03007286317 4439.75409377606 4448.89019804269 4964.12863002035 5124.64401966026
4362.19672813488 4439.75409377606 4559.79314370971 4881.49966584363 5133.85261176171
4365.60989673974 4426.74432317098 4475.5390757707 4755.3678036853 5032.37145582945
4361.1108010663 4426.74432317098 4433.30274661407 4860.84316259136 5068.17911442547
4422.82648526412 4487.51748570614 4536.04177538916 4843.29458984914 5191.71923133375
4188.04428941932 4355.48245161347 4564.40478353538 4972.13328224407 5216.17755466513
4393.54082032703 4460.27004145493 4487.27111144574 4804.09030867443 5271.73721212073
4299.82090212223 4437.78903407746 4451.75162897122 4460.75309902438 5245.27948410158
4300.22951628642 4375.25546305422 4570.15582573287 4812.03916566536 4958.1383614244
4018.41191744918 4463.41299267787 4557.1593368685 4619.83594893133 5072.47216557146
4182.88729798309 4504.06041082792 4525.19223097315 4741.41825351477 5274.63627872965
4472.53095392631 4473.20505577886 4589.52602611464 5043.71068426672 5249.81672374362
4320.21183287426 4497.84177721698 4514.76271127299 5173.20124063672 5412.52141030442
4318.51704949438 4440.07081257203 4491.01157282306 5179.10579989465 5553.87804205432
4319.51322099564 4514.88045951025 4537.51048129816 5263.15402763254 5383.51721761397
4306.22841495798 4514.11983992998 4564.6361898176 5225.12012856214 5562.45537314001
4244.60324941562 4303.01819586803 4507.62431293299 4738.76459132131 4850.0947024711
4229.05321890775 4534.69085025705 4753.21443461254 5278.59709718778 5715.26866816402
4096.80439650126 4627.51724792166 4828.35482423776 4899.74959155569 4982.40184225907
4183.23231819835 4351.73497904922 4438.06489850454 4731.16323501939 5487.71673756211
4243.23629711149 4397.02075171903 4492.01725056861 4701.21524723745 5323.77796093345
4356.42968920151 4375.73567941241 4485.59509734583 4569.99906797865 5399.82329427722
4346.93245946117 4375.73567941241 4485.59509734583 4641.91514675722 5287.25452263097
4359.46133689549 4371.81088679401 4413.86439572823 4583.61152986399 5263.84011508397
4346.34814496284 4477.04305174565 4528.98233364779 5076.30124426719 5263.60872457166
3874.54309144354 4330.36308732762 4537.7033465486 5016.09779252582 5229.04794380408
4040.2798344721 4481.60235123652 4621.63006006039 4707.79851226592 5238.95217347069
4040.2798344721 4481.60235123652 4621.63006006039 4707.79851226592 5238.95217347069
4260.31983034427 4450.31018573409 4568.90610225106 4707.79851226592 5124.0210510239
4298.02029501729 4338.00284123061 4565.34139933312 4733.28612203854 5143.25398595918
4265.0483548439 4344.91531470839 4542.88973426852 4652.91890504298 5556.17393157736
4283.86057516826 4509.99331024818 4580.49931230512 4754.02160724479 5392.48154969909
4182.34675336969 4193.55201236058 4622.63222880093 4978.57062688664 5373.2200110765
4156.2134958578 4179.8318475639 4623.44972289331 4948.27173662508 5270.3420775968
4196.65442373333 4296.04171012683 4714.77772313305 4871.79580024435 5034.69128997652
4253.54994431448 4306.67472277457 4427.30057543106 4914.26412833811 4944.60793310013
4143.54898634808 4279.97773141314 4533.62824661681 4885.52506886058 4965.71487686308
4231.50303610881 4377.1772752854 4464.80562818414 4971.04253929312 5093.94654440388
4212.98647412704 4364.16866124068 4439.71638592098 4971.00912586626 4983.73867283285
4297.22456453813 4344.53160203284 4439.71638592098 4943.91081316806 4983.73867283285
4288.53140223509 4344.53160203284 4439.71638592098 4954.82388910926 4983.73867283285
4343.25776495879 4456.39588136014 4530.56233787187 4944.54227607217 5096.19683601876
4410.32383388058 4456.39588136014 4457.64240375733 5055.43901230036 5084.30141184258
4303.14415185437 4580.24882443935 4604.07129755188 5006.30414644597 5188.37034939358
4312.23289162415 4503.98393572246 4603.36463803092 5106.29547538668 5250.27032552356
4312.23289162415 4503.98393572246 4701.74382988641 5212.57878368818 5250.27032552356
4240.34793219611 4364.51380886461 4584.83862641311 5227.16616172195 5243.3602361557
4017.08545463362 4344.66731945247 4774.05942063264 5195.84747294829 5279.31079103889
4017.08545463362 4344.66731945247 4774.05942063264 5195.84747294829 5279.31079103889
4017.08545463362 4344.66731945247 4774.05942063264 5195.84747294829 5279.31079103889
4142.04132025806 4397.71504025826 4774.05942063264 5195.84747294829 5221.8703472313
4107.97093380574 4406.99712643568 4694.46168323818 5016.21591040281 5284.45533108906
3975.05681907859 4331.33122879096 4777.44835377473 5014.20535314123 5259.7510827678
4038.43170557843 4260.58334379115 4693.6257713481 5014.20535314123 5313.94922962776
4038.43170557843 4318.85982754601 4677.4647105458 5132.6909828011 5268.70008081195
4380.5593424213 4757.1649003127 4779.67795766146 5142.13988098335 5252.36274711843
4508.23104251083 4516.34656204168 4865.1507601198 4946.34698298044 5226.58254968773
4411.92633906535 4543.06973253399 4657.47065065034 5033.46694731299 5378.38705453779
4105.10030755 4329.62396671884 4511.25351883459 5268.23941757141 5276.04809547279
4069.64604478761 4282.22955491718 4523.9825800044 5022.47730216919 5256.45085221704
4073.46659241736 4223.77737652031 4495.89250875753 5235.87520295704 5289.70904325139
4292.0145385644 4316.6669306049 4367.69116277986 4723.75921316029 5255.5992243315
4380.37715557381 4402.64315337972 4460.14278340775 5155.6654263652 5265.0465713211
4268.52539209475 4378.85664537375 4438.06571063551 5198.66943271674 5297.15196346691
4227.91268873925 4446.81133095065 4521.28808232748 4953.8282218722 5429.93651155056
4309.23614783484 4363.92198386941 4455.03775324084 5014.00479228661 5370.22587915236
4284.79508059505 4413.57779457599 4468.69552233738 4998.40545859788 5205.516979156
4150.52805780215 4377.66716645707 4466.67349362701 5050.86939175083 5167.24973112209
4088.89257973857 4419.70067760838 4471.59792473384 5091.89453122912 5281.42028844013
4272.08822827847 4471.84078801615 4475.99580232988 4997.45010433923 5161.14718497581
4255.37905194317 4459.34043944791 4475.54062800651 4912.04897507422 5264.44271957657
4407.2409709188 4408.41360991259 4473.99686267943 4998.82031186599 5047.12891922157
4174.5816582322 4435.34292360224 4484.46446562493 4834.55288070448 5418.53366007896
4435.07518795529 4441.26964979485 4477.55708056915 4866.20852018807 4887.05674707755
4308.6506020524 4467.42865446095 4502.03395626434 4913.46442124383 5249.44822213029
4327.33898555434 4467.54578993431 4537.11272351793 5024.47539814579 5239.30717875879
4384.80923870783 4414.27765663578 4542.4226070178 4910.82764492999 5184.18735810563
4003.13170504729 4216.25596446564 4605.3510291803 4884.87681717976 4897.60880870483
4280.68313105025 4454.12793199145 4565.28869691579 5126.73389134202 5380.36990084599
4191.36474160358 4358.8581994728 4732.03742743317 5005.59007276887 5321.34718325569
4248.2711464276 4280.59822268227 4640.27741822364 4904.55987717152 5194.22811881619
4333.53556629727 4400.86296045952 4559.62532610014 4858.06816277679 5176.5023626442
4337.06749559046 4366.68764089048 4542.5999303513 4945.87329726311 5194.08002629589
4370.41101450793 4442.66421202437 4442.92366876053 4919.92579009719 5046.54905665121
4230.06180818524 4419.52571227824 4485.8775838986 4985.53324269642 5179.72241998446
4287.95310527622 4322.70340280108 4498.54301955141 4905.39789310192 5052.73927155296
4346.57805779278 4432.06420600907 4550.00482742864 4865.85704186636 5401.60972920274
4438.25540189775 4438.35093047369 4530.53948255726 4861.99093070968 5128.46777891255
4313.5849154443 4412.10961367585 4681.45414223325 5015.53836021392 5088.84142986803
4469.21677357336 4593.55224391226 4634.71159122836 4908.96656424934 5052.26837088862
4296.04989828849 4427.74239557387 4835.39486683124 4981.82597195281 4984.41760775633
4236.23258722983 4409.97432248288 4602.19406113609 5166.08374735298 5254.64195763854
4167.86267766505 4283.11953860878 4590.9448006558 5196.55472700095 5276.99230286926
4188.37852369382 4312.06090998672 4789.82784679851 5196.55472700095 5266.73366375467
4175.63326945426 4299.58117845636 4678.62435894093 5004.91863449799 5256.31319438901
4174.03695677548 4296.91025652036 4692.6070088326 4925.81017551269 5250.28036182906
4166.89051390182 4311.88002453703 4710.43168964665 4891.78073474696 5308.69273891392
4179.64103336083 4370.54985635816 4549.35029177039 4826.48253153339 5146.26725456218
4199.54721325854 4284.16617365623 4508.45539407532 4845.75613675681 5213.32191338307
4255.37740923675 4485.65919822239 4498.31932591995 4851.23878293664 5332.11376946699
4315.00336233416 4349.5271992832 4422.19676578388 4927.21126809882 5008.17211814478
4171.13302018555 4320.69189676617 4476.80345057657 4949.49910560624 5168.22367777908
4155.14145494495 4278.35217768032 4465.9963662997 4942.87974283791 5089.41882483014
4168.98852773902 4500.36598119362 4621.56902956002 4910.34355379932 5026.96144406448
4204.93235264863 4448.43512012599 4798.93271316329 5008.65115992625 5270.57930170682
4206.74882492979 4472.15214663806 4694.3347974326 5099.91829374293 5270.57930170682
4372.88550929896 4506.1620754502 4541.34004719057 4932.93108730582 5083.47870590254
4321.42646224414 4440.54681322517 4462.93982100184 4983.7354555069 5084.10781948389
4245.05158635796 4374.33218000018 4433.07020423207 4985.3040716315 5136.494269276
4270.71750783266 4454.50302463429 4615.24822645825 4987.45841468024 5165.87063755341
4098.60320330416 4525.38705559611 4613.47866846237 4732.40396578846 4918.54247033134
4371.18862263141 4457.99584935517 4519.1868653357 4760.37261792458 4884.70473342048
4215.09580645679 4317.49828428348 4532.23657664164 4596.92311337904 5433.44131353516
4182.41779559944 4327.52911601293 4613.3717483299 4743.71839472998 5416.1231301968
4004.79851081639 4460.75455535041 4601.97433356953 4927.30786612394 5256.6030548837
3823.05739242831 4340.27700868427 4412.59276748079 4975.62617784853 5242.68903334274
4233.31665994691 4347.02514917457 4463.21543651644 5011.51747812955 5081.62138150322
4258.86697820054 4338.75633515639 4402.20904686638 5017.91477785157 5072.60019688923
4296.8317300412 4338.5636372287 4381.79200016879 5029.48207253162 5072.05557767734
4300.27540126781 4326.66328031914 4381.79200016879 4999.12990278715 5189.99354049633
4277.58276705325 4426.81684298186 4564.432050395 5037.26051880864 5071.77595785805
4317.17986572407 4319.81172682309 4520.13705146503 4950.21080593158 5046.26844013717
4317.17986572407 4334.03391616119 4549.90670479406 4950.21080593158 5069.23191579812
4179.28213425354 4461.52267089561 4579.84906554145 4866.90807790648 5349.55651626551
4229.51932087588 4323.66919811172 4730.84427377079 4981.34905592712 5179.19130657403
4264.21082915837 4311.81436101839 4475.20696988499 4853.23903903188 5111.41529252605
4176.09149494866 4365.10169720248 4407.94355340544 4853.23903903188 5226.10108826915
4122.06756708493 4437.20074240705 4506.87437291528 4923.57155816558 5297.42978000556
4393.57860462722 4504.4367150333 4592.79538925971 5012.2981996495 5134.46310638188
4161.26713810636 4199.05153738414 4572.22710057519 4923.29678858157 5140.41225913197
4375.32179063393 4567.32600432342 4813.47461978496 4836.83837413181 5105.09097811573
4306.98577585153 4474.94447376505 4789.16166646877 4832.98787703724 4987.37649033259
4190.63820055678 4345.15277242231 4755.29659074892 4809.6485280457 5214.42074215961
4228.84326367468 4388.3682165121 4393.80892292737 4781.83285259648 5086.47844844279
4239.09941861772 4338.56670968581 4424.86560844248 4631.50399046842 5060.20029661549
4286.61938535582 4417.807025143 4455.68900999608 4735.74007107596 5324.5274917919
4253.16107106192 4369.52264257012 4473.42742115419 4566.15645634347 5428.58988181917
4145.83138331325 4339.23378328741 4434.67005248916 4545.32302747886 5428.58988181917
4515.1098104227 4562.4620735573 4583.83770433658 5301.3359824825 5428.58988181917
4170.83363778858 4425.42708418998 4515.65795748069 4608.1199276363 5265.39119070303
4246.26064277848 4350.87269195081 4612.90247410613 5020.97937373748 5423.39888006622
4204.17028461551 4303.27942198941 4715.99975596082 4861.26820860366 5264.51625068845
4256.54335613898 4284.3967514242 4630.91167686062 4909.10811929561 5261.85424734129
4253.02866531675 4394.60162185232 4673.45828201794 4728.93763727032 5266.95845994149
4106.38837553656 4350.79258097227 4415.31711230361 4905.30039276881 5141.29468823162
4106.38837553656 4316.03652723521 4510.14837698451 4867.7410972573 5104.9063839463
4044.93662274624 4304.95260581906 4581.27265935912 4984.77503464947 5135.7290724688
4157.42357010778 4274.4753038416 4403.44036261377 4979.88395891225 5200.70411226665
4364.08037640445 4387.6944677849 4613.77186694807 4750.31435479863 5483.11005389355
4362.18833341266 4385.18945932991 4845.58645623993 5045.14318935422 5070.10533289812
4359.03348701517 4371.42460838414 4630.79633885516 4665.84125351781 5186.4988266232
4296.27028865783 4441.43513239646 4699.81960497375 5049.70253618194 5238.9022670469
4223.06522930502 4430.72945902294 4781.35453851588 5011.76114116976 5272.43794877293
4181.07385191092 4552.64016615715 4641.42439608545 4891.32994787507 5087.10734283998
4351.47007850456 4514.62160334056 4595.97568386074 4786.95923148017 4972.3098508296
4341.37029707235 4501.98536052989 4533.38975204123 4891.66301859585 5274.43366405519
4308.75788083949 4531.61829421782 4601.15408249551 4875.82588179747 5061.88081131669
4399.89552547101 4490.64927210954 4575.96812336137 4900.10401047302 4987.25676150672
4444.0085260006 4470.22637958609 4586.78402746972 4957.19575154882 5035.76344475995
4415.15505449502 4518.47705141075 4708.14636316026 4984.9337267497 5146.09384677009
4344.07733194673 4404.15413080893 4671.39328952741 4894.90230731507 5213.65808980746
4337.94215761162 4518.44871316105 4603.54360876297 4965.14731605615 5155.02305714436
4265.64022121155 4519.93265864709 4695.49235134388 4880.43480382847 5173.95371599795
4318.58636071968 4450.58076321965 4691.52090838873 5070.7206462958 5158.34069538365
4329.42436917394 4411.11391834628 4791.6207621245 4988.92551465317 5139.41767119021
4285.58354405177 4366.82807297105 4496.84408652934 5110.62917995293 5222.751489645
4176.35648454923 4374.20771883294 4558.76429036026 4664.91682942782 5008.56889895002
4100.65716533686 4375.4193814866 4477.8842690515 4999.12544845501 5203.45533735059
4267.98530983507 4372.21984363215 4460.31077099967 5083.70867431522 5224.88810823751
4292.20782931147 4351.80968151563 4430.51661943812 5072.59510723919 5086.43600252477
4375.74666532135 4420.72000405245 4493.21759186535 4965.15031554282 5235.54845267308
4284.75630472071 4511.53509970928 4530.02097339819 4895.01414883305 4959.43441863086
4346.85720264813 4375.91722803541 4469.24404321687 4895.01414883305 5102.61996077286
4401.44612266852 4418.68168798406 4455.30646997645 4894.33670188938 5010.83996244554
3996.57196157982 4631.14343269126 4778.44904270369 4892.79806879062 5147.55626835082
4351.55497524248 4473.24981919807 4802.94907333783 4935.90408656154 5239.30109892309
4433.71979146906 4456.66511260056 4627.35778400452 4949.98028127211 5282.10281179973
4320.00987028617 4473.1401930328 4482.97320803864 4908.05045219789 5267.24218546038
4328.84234944398 4409.09342178223 4451.79557991255 4884.97006969047 5243.16524393217
4331.22120878883 4345.29979639418 4450.48092416028 4842.14449277007 5130.16260662148
4255.09949135579 4358.90289218834 4450.61226533048 4845.47788596466 5103.68805833282
4305.00716389674 4668.85854627957 4679.94162626684 4726.48194505393 4964.22989974498
4310.08598053 4470.40357353843 4476.59897012246 4887.18763137003 4995.99623037337
4414.69716425063 4470.40357353843 4519.54599047568 4834.41972239881 5504.52080438192
4168.50033903234 4318.09540658625 4605.15477502785 4996.25982808089 5287.10219704328
4296.15629766848 4369.14301270206 4494.99889947829 4966.59433345074 5089.31883452485
4429.83797821497 4512.06934905343 4565.79070883551 4928.76384639309 5127.5811450891
4094.14419876363 4429.15631754676 4485.89775222563 4832.56245458478 5068.83435995412
4183.94197059612 4288.27359382792 4428.55126195656 5052.31728386149 5232.26583830903
4286.23174991638 4293.36748565596 4351.7160031055 5144.069491064 5160.62030886169
4286.23174991638 4369.06101528986 4470.09254572078 5036.17954937776 5183.63751284594
4371.6157444266 4445.5786475977 4479.07476220963 5034.46440486695 5222.25980972154
4334.19753224447 4428.33109205485 4479.07476220963 4948.83232763714 5423.41638807589
4051.64688461104 4272.07203856013 4453.8469792282 4939.50110965619 5251.18731620568
4000.59374448471 4188.9384763887 4294.27155524365 4935.85621623613 5373.7383569713
4009.08199233282 4475.70181729689 4487.82054301818 4621.68748742079 5209.25242759731
3949.53762393039 4370.22128067627 4409.47052849098 4862.35345830083 5433.93464534634
4157.98429295316 4476.43381606042 4753.41943240128 4782.39343342669 5201.76373591154
4010.09756336958 4429.9703106801 4472.23058903335 4472.57673131356 5165.14719506866
4425.2535426343 4493.54475703833 4521.04861665647 4983.76024175799 5225.01021911267
4182.46462736399 4481.12888202514 4585.60722778727 4935.14442066623 5104.92403372284
4160.39338648714 4527.39658674425 4847.91797329623 4962.79140902841 5021.9037094813
4348.03259831184 4501.65063350881 4537.47857339887 5145.65308044842 5344.10353785848
4371.91875946409 4373.19885852235 4767.49425733965 5053.15106752183 5304.87323572984
4258.22788779933 4534.50103994049 4646.14982932862 5131.82303523597 5209.48357979295
4412.80287488836 4471.8398034333 4546.67424051306 5194.67327291002 5429.32971049556
4412.80287488836 4471.8398034333 4546.67424051306 5194.67327291002 5429.32971049556
4302.77121651514 4305.41246768756 4542.25386466725 5354.23433173715 5500.11187739889
4303.14142921812 4330.97782704231 4725.47455344417 5206.43568264317 5219.94581566191
4222.70513320622 4337.18790825524 4574.32461476649 5204.0477810043 5206.14915967721
4209.66834212809 4356.64290758752 4503.37973020524 5071.10066751297 5203.13828190125
4313.09468005352 4517.58745685735 4624.29607141083 4970.12260182515 5118.5987589668
4170.04623403795 4469.91841859725 4583.67023080453 4896.74363636881 5246.27925326867
4092.43409498877 4519.78420451262 4646.94784943327 5033.98794417078 5294.64222857479
3970.95651325513 4605.74488868158 4823.56105947503 4942.99598248584 5301.60644388143
4396.49154404708 4518.96897492755 4612.19862007675 4804.58591313183 5077.98118722136
4420.04755334409 4526.38241126423 4566.66001003078 4655.87422043193 5039.08387735298
4394.05121119244 4527.73682949368 4566.66001003078 4968.49749638676 4991.37060966367
4394.05121119244 4527.73682949368 4566.66001003078 4968.49749638676 4991.37060966367
4403.24944261364 4431.16646170802 4702.1210702393 4987.58247180076 5010.9575034635
4312.3204809157 4459.00254224305 4695.70686311819 4955.14663777168 5455.33268058282
4165.09524806968 4641.97569078873 4661.02010492763 4836.93402541361 4957.53137830372
4374.16159358937 4670.09537538202 4706.21605355733 4864.43522831817 5425.55026296576
4312.52342477672 4574.36298420789 4618.57333960335 4874.50208037354 5390.54105835467
4173.30570128027 4458.02320093833 4631.00944192373 5017.40930888586 5072.77515810431
4189.56383584921 4493.98401271214 4829.37741768934 5017.40930888586 5107.35992003648
4338.99022736061 4493.98401271214 4829.37741768934 5188.59597370336 5236.8439827495
4024.94116311751 4488.89519550204 4702.62562892643 5126.75385604778 5243.26808151934
3765.18291277594 4467.18993476484 4518.58773970701 4887.56992095832 5415.63203817367
4031.40498963687 4303.83925130272 4655.10569549356 4978.26470335929 5073.10028414864
3936.8929511962 4247.54656266137 4685.7211101749 4863.28636300358 4938.8266835701
4003.43773249948 4194.47403188786 4633.46564068879 4639.99015607007 4938.8266835701
4164.00465459419 4194.47403188786 4569.86044754481 4624.33065082362 4920.28000456932
4161.86204112726 4422.24555666066 4422.252231803 4960.14792941476 4980.85367650111
4225.67571182935 4348.67289321062 4437.43066731381 4951.2098991405 4955.53798219469
4164.18002909719 4388.58609752958 4436.95761846736 4901.88627631495 4929.15486233832
3935.60290490167 4233.85846497635 4438.07060851608 4897.54466819176 5096.39240486452
4016.52329384899 4463.02977058936 4655.95341907903 4870.82953162998 5253.95730716675
3901.17056087942 4440.42720574436 4489.55938850269 4678.33960987664 5112.88569818919
4072.98728567259 4310.599730125 4515.43113959472 4912.91085995216 5283.17540377969
4018.30335549369 4144.3913200022 4344.50870924463 4980.03000006034 5197.24050316552
4031.38358403559 4143.26638404955 4501.81878367084 4976.51653637252 5174.52699448343
4244.78137259773 4364.20037290896 4576.45998151266 5039.42827974376 5219.98143277042
4285.93470952949 4444.90171450228 4553.60681814464 5095.32372633241 5254.59251121427
4290.9019375544 4359.60383018663 4553.60681814464 4883.03977360944 5272.55056105906
4305.50875329956 4483.91244951504 4543.79278195865 5021.92770602433 5121.92358272774
4387.45251815388 4489.0329567404 4508.01630098099 4997.97434071303 5042.60153228762
4281.66503552767 4531.57430964058 4581.37490872498 4930.33935331018 5192.91553627026
4312.60643983613 4481.22232480443 4508.5275405368 4917.34472909375 5118.53733306336
4323.39881135125 4335.88211930224 4539.5570525874 4842.42389434459 5207.70684687356
4421.78435862056 4543.83555657908 4562.78847075221 4851.53239262736 5050.69697799916
4303.09708535766 4442.6027692758 4534.98542790609 4889.24200291156 5255.44251953429
4118.19299288328 4396.64277499606 4438.53835459406 4998.64995433499 5088.62180518605
4160.65326340583 4435.41642310768 4781.5740681618 4873.39764760442 5311.5396406146
4331.16851571751 4450.39061769698 4767.43301631194 4793.19948298074 5429.39531223348
4179.65886928706 4430.10846331525 4579.54091389327 4832.16031187967 4990.45840511669
4270.22346535534 4380.86344488987 4523.8981333862 5004.91757940268 5155.13004301079
4409.87761840422 4538.30819178509 4627.74424003657 4642.4940558229 5018.09649811669
4487.79651152065 4530.63608366102 4656.5057880954 4714.24019436036 5010.28213450417
4277.67863676228 4504.58924500177 4656.5057880954 5082.30095590999 5201.88853457735
4138.79322756926 4684.67959895116 4720.14753655912 5035.5509257397 5316.65386490029
4276.75141688016 4534.29445429554 4699.3551568651 5238.4080937147 5406.88755136023
4381.75418404445 4492.69765325366 4590.89356239794 5196.58666558506 5484.74384056297
4448.43037503741 4516.36241368295 4590.89356239794 5196.58666558506 5239.18267188352
4448.43037503741 4516.36241368295 4590.89356239794 5196.58666558506 5239.18267188352
4222.77347098694 4363.89665234111 4711.8183896002 4925.91952587306 5128.31546983507
4272.57803783303 4342.35676430324 4797.20260047075 5225.36009872264 5282.94198771816
4368.61553410303 4457.01746340398 4707.79171886768 5063.36272695127 5463.98167149238
4232.96231319026 4362.52117825052 4461.76875104562 5043.01871503177 5538.69583339247
4201.6924016177 4419.96961410453 4432.88051859888 5049.19368620435 5471.48134677773
3980.17305117982 4368.08149862491 4729.01629234783 5012.24440620552 5272.42339662053
3977.39508805475 4285.1005898357 4698.25095726271 5009.99241347715 5214.1946429538
4161.28331919482 4472.88888777993 4828.23380751213 5005.75972245179 5181.43046952631
4410.53241864724 4421.87213957075 4931.20397145601 5018.83580053126 5099.76019762608
4407.10330740921 4414.38125142118 4656.37643580535 4903.69762065203 5304.22319827555
4421.95871756583 4423.3509442531 4769.20202870944 4832.43366166802 4920.84063930138
4366.69392145097 4426.37275666543 4756.12679366314 4869.46809551258 4987.37090499941
4382.09562502035 4427.39378911183 4805.18047848877 4885.69137051185 5093.95852461832
4172.60001177975 4423.21261458887 4731.50459152539 4971.95383782669 5130.95968181345
4375.74618170243 4426.53568170028 4746.52633799063 4954.46795700347 5069.97549723603
4309.64359129945 4350.3628799983 4684.67927002937 4946.97008362663 5171.61761238997
4291.87658372706 4443.02846036383 4567.61154093246 4876.41511614476 5472.43292918576
4331.91461777386 4378.10731203406 4566.01876329132 4990.96851221153 5285.30977280319
4222.54087920531 4395.50375984423 4452.52358836227 4876.6139907215 5196.90598426055
4236.11648033674 4314.05148972082 4522.49805997611 5253.21412763893 5407.03608012416
4261.67627845825 4383.807506928 4439.62325986106 4832.0982856952 5053.73647582254
4227.40706540209 4296.55161155005 4765.67568184328 4934.68644716878 5083.1330227191
4207.26428587834 4466.40343546059 4777.22238534127 5046.56851264586 5166.98666416696
4160.5225858856 4435.01779495866 4693.67127613287 5022.92078996942 5307.87543529636
4147.12159745712 4414.75571181535 4720.00516116673 4963.65074749343 5122.76374055472
4175.71393757169 4316.6917515885 4564.497149364 4735.13581644312 5156.10217184194
4174.13935053235 4415.54022651443 4491.1516591547 5024.98097057919 5033.51999702619
4178.55767783256 4357.25067396731 4548.72900380274 5058.76984750327 5072.46146578571
4179.7481626267 4322.21606257284 4657.61262285838 4939.20468654741 4997.28921223436
4134.33000049053 4272.60101936033 4558.32445580739 5009.87157201567 5356.61665887251
4148.03934000812 4188.95758172725 4298.26070737449 4918.79182756344 5173.79902306802
4156.00615555272 4280.39149641779 4298.26070737449 4918.79182756344 5206.34577955912
4030.05790399692 4440.81301659515 4502.70301657428 4824.92283035947 5297.33384878127
4107.36859366973 4575.74675930067 4769.83439710712 5038.54538744698 5099.28965593478
4107.36859366973 4333.46785619933 4461.53066224965 5038.54538744698 5293.22533293705
4151.26846258968 4484.55726478426 4554.69835712757 4943.29431862891 5293.22533293705
4213.53793930445 4353.24317764258 4468.74674251924 4975.58918443052 5286.07393255454
4223.51627951579 4286.62750188442 4394.12345200244 4956.86083033118 5271.47009976345
4368.12987278179 4389.96449755941 4435.24787808631 4999.71910362745 5304.85691538616
4322.0068010957 4336.1195531688 4406.79116390364 4839.99629755199 5220.63471276645
4226.92870380674 4363.77741262464 4453.37150889211 4874.87950363383 5191.81869008123
4360.28795243155 4398.79010246368 4779.44376049902 4853.91044341046 5064.39297030168
4280.212419658 4684.47362509806 4714.97928154142 4853.91044341046 5052.53572655195
4319.41991579773 4708.54848029909 4714.97928154142 4931.96248143962 5065.24105653238
4199.01190046501 4571.54676237644 4781.41946600685 4956.31691746455 5077.20587014057
4169.72483723896 4328.77039441745 4777.36788611634 4993.49557066365 5122.25069993115
4331.78820716326 4720.15929368109 4820.19367261666 5024.87447093926 5098.27183241965
4393.9858780592 4430.27844885295 4507.38857678342 5034.08452060614 5271.7889996054
4356.40910611029 4429.95714788016 4436.85157203096 4997.25489154599 5278.08156247252
4384.92799436821 4444.7833760692 4472.24593935746 5080.6894719064 5250.01024684209
4253.85449648581 4299.87381714007 4516.70125751906 4949.71802687004 5210.86047951512
4253.85449648581 4299.87381714007 4516.70125751906 4949.71802687004 5210.86047951512
4365.60168566716 4750.26371285173 4796.43081427458 4920.62404372978 4959.94023237263
4306.46069588095 4466.08706807908 4578.79612095035 4820.20370466793 5167.80569188316
4240.4654635931 4320.69743755474 4429.24285054733 4717.65763640646 5099.59742440322
4268.24210209438 4449.4018708418 4532.28874777526 4856.33293235179 5135.4123055742
4357.29109776672 4443.07414717316 4557.76319674225 5017.16040730866 5301.7335598983
4357.60001531012 4536.8183763694 4538.73217882694 4960.97082899944 5445.05676885696
4113.86662693364 4396.75025466974 4502.36067497866 4965.97082174027 5302.18598078885
3876.79374802278 4421.43291470343 4441.76009774411 4909.55792555886 5479.91001121632
3929.831303916 4397.88756036325 4667.35339104928 4880.11330527349 5411.83572127736
3994.34871108359 4484.95427772546 4609.33799327808 4860.77821632516 5776.86191426151
4028.19554259581 4498.03674073154 4779.03159043423 4954.37671108852 5565.34705030624
4127.80038388187 4588.6767285323 4748.97581879713 4877.7416333337 4991.64165219004
4037.97320227344 4327.70259688219 4730.86261670946 5197.950255862 5198.3924756564
4400.00497263419 4421.28818723641 4730.86261670946 5123.56783958359 5198.3924756564
4485.31311036746 4537.43369633265 4589.16494842651 5124.02447446575 5134.98694432765
4340.24730433934 4482.45452075735 4671.18151453786 5053.39226284715 5213.58111144219
4051.28740428403 4074.83225611593 4383.4538294707 4916.44089091254 5126.7716359146
4065.06180289161 4127.14767415175 4303.58013772507 4632.13161549072 5088.38950394658
4184.0852964099 4380.12272716637 4532.9524904054 4620.24599083133 5084.8883919005
4016.19416650967 4267.64573249675 4541.15236094968 4702.9820924803 4870.57896400409
4064.99465148873 4493.90508963902 4547.51257156841 5229.81988518706 5459.37396630797
3901.92946290469 4174.00901131384 4591.61199896868 4981.45837439257 5346.85478395805
4352.0159350761 4390.53773347263 4759.70756057571 5026.43485274939 5131.31938777125
4430.17417607101 4480.62846412888 4697.4912599493 4993.93944683158 5345.34384100353
4273.93426792995 4505.6103137252 4623.10529938709 4970.24156213751 5279.75121070185
4269.00742818827 4538.47939785406 4658.85198705644 5153.42525133355 5267.35629673882
4242.36973055989 4482.67821952221 4568.20327361087 5218.24780221675 5276.4793434
4312.23261313294 4473.45428124475 4678.01086949664 4821.74565898469 5360.01025410866
4284.12653810548 4479.69107505316 4524.86453769927 4702.27738672123 5190.23313764878
4162.21352634914 4190.8869452411 4311.47438130167 4930.11570924598 5391.21688583159
4181.69462506528 4320.83344529844 4801.66420369931 4950.73213136447 5107.05512410874
4113.96036844072 4403.83556709296 4510.11602864322 4952.88032886272 5201.65113790585
4370.96372312655 4426.98172638191 4472.71320383197 4903.09522466495 4972.02062980741
4299.95577716124 4416.54627173695 4429.34139913016 5002.63661641095 5154.09088445024
3996.55199914355 4453.1535448068 4460.4265835716 4690.85733557066 5067.92158975625
4157.6609216964 4481.98668837171 4618.60649874594 5048.68299809592 5208.82363496245
4154.5414100168 4455.81719855185 4618.60649874594 5114.02781871552 5208.82363496245
4403.97523484182 4443.03074552384 4678.0410687801 4846.08219381074 5278.07625596119
4260.33113765552 4462.60611321596 4589.22808768719 4925.85718440228 5123.52576305031
4196.76944698779 4447.63395750966 4449.57248406114 4879.539675184 5059.89557273889
4196.76944698779 4447.63395750966 4449.57248406114 4879.539675184 5059.89557273889
4145.44590790929 4386.85060075034 4434.63624991879 4888.87095624 5204.09546065376
4085.23649937011 4267.77791547303 4419.59033108644 4945.45950812242 5120.33212595882
4106.21613641222 4518.6548962031 4533.73850784411 5043.03208319151 5242.70331085132
4155.78355078756 4606.57006856598 4721.56703743682 5085.8615921949 5664.20173022775
4121.13181207594 4133.19037305577 4154.76686162186 4862.09772560038 5664.20173022775
4229.33790583715 4265.89500731268 4531.49393224062 4834.77967558655 5222.5441914468
4260.98514627475 4427.11530315827 4495.48453707378 4857.1882765406 5197.01041755938
4272.55520892846 4340.6723085239 4563.78313975702 4944.05447287205 5165.1748980822
4271.49852747236 4685.66146688425 4804.4905607515 5083.022882091 5130.82658829067
4275.17463881939 4625.39667164414 4766.87034158697 5158.93572918226 5176.78641694885
4307.67323825396 4345.98096525346 4560.12845085718 4901.66100307604 5120.92307539579
4242.56809767442 4371.46834227426 4403.58401921066 4870.77847215429 5159.26255932807
4159.07273018448 4360.06737703238 4537.1565151817 4861.08102645817 4959.206467119
4380.70945126623 4418.67336047938 4461.36455699103 5080.34006605945 5423.34942224724
4191.2564597735 4371.74438527283 4488.17298531962 4963.55377296981 5471.36205374804
4245.39280060977 4311.7917883033 4491.34774515523 4897.01059932155 5237.60516384976
4284.03847429074 4421.54849548438 4581.43780741051 4978.72309991709 5089.12653090961
4295.85823150445 4478.58351769929 4570.651994398 4931.6493545665 5128.73058262533
4247.12791225734 4488.15050169427 4674.76592276025 4909.93462264097 5450.9147554687
4471.25488357568 4553.69696906731 4591.65311824784 4947.96187592726 5449.1508317375
4245.45611132331 4517.00164736714 4779.80442516649 4909.81645680627 5067.59789866308
4164.18352846869 4514.6073886038 4779.65586892663 4864.10091963252 5158.72058571576
4210.28828763926 4447.16604264063 4558.8630092692 4895.32301925061 5390.20979737655
4307.35956430307 4474.51021333281 4742.50777238761 4893.84892172089 5031.84702819491
4340.33188795339 4498.82099655694 4679.95991231403 4881.4706428959 4943.84559655808
4362.33258639895 4481.26334357518 4681.37844134454 4894.31855028005 5304.45409966997
4403.08687774181 4602.57332146372 4723.37805737375 4988.47240515458 5051.87499731315
4404.82453756415 4432.46139857995 4526.66143357465 4636.08183579753 5050.39945738278
4325.33937871274 4359.22896456508 4500.44572268415 4780.18197625925 4971.28377347529
4368.4852999676 4412.31597031479 4585.93901470814 4861.0634111657 4929.88521074569
4471.79262145147 4548.50515940703 4595.48312802219 4893.09259675787 4988.39151094745
4295.9724877975 4362.60202233419 4592.05541996045 4709.31465890494 5283.09134052555
4290.78738252031 4353.33097297562 4682.65017418243 4881.19930032558 4938.31448583129
4317.09211822541 4397.67786048645 4482.14974662207 4719.50752323329 5395.93617546763
4376.15424694638 4380.84271420984 4648.06905873163 4697.78957397439 5226.8607086881
4143.16483390315 4383.93429071991 4769.71726239975 4932.30679124022 5123.60466772665
4016.64736945545 4488.49951367536 4594.32611483184 4957.00849177334 5298.69105703997
4240.89996793555 4476.65937157418 4484.78043344463 5172.01868357727 5246.1934378769
4104.2441805031 4361.85239040652 4394.01066492946 4682.94720939242 5105.38561740852
4126.75939828774 4359.19148105906 4424.42124879621 4900.05638069222 5265.31483581527
4122.80600718765 4322.44991172728 4487.47232439779 5049.86851899287 5124.89154011146
4323.44442681393 4365.59989445144 4383.74967508409 5215.44463188353 5272.72061763555
4307.28565451139 4369.07825131271 4455.43217675342 5035.7857395491 5197.17500596966
4364.48014822907 4405.85630040094 4464.98411202126 4907.52194717912 5047.37573469889
4366.73586080033 4464.70359006244 4464.98411202126 4850.87437812817 5169.70921301251
4325.91190999556 4466.07562118886 4476.3476832861 5256.1705456263 5429.37914648956
4329.4459922089 4477.61196803367 4484.29395823247 5112.22551955003 5319.16684436181
4323.01568802111 4446.13589239069 4510.73030825725 4974.13252616281 5421.77114663728
4278.45747236892 4334.2137417619 4521.16737945621 5013.73650770675 5316.88755098679
4176.75951435002 4282.46753995569 4547.74795475617 4696.31099885712 4961.15527335847
4183.04073525439 4264.07159948682 4568.81670068158 4698.12710004284 4885.17324454553
4237.8641040088 4257.71659377306 4351.44939745689 4654.78100091078 4816.50018250832
4101.17021036665 4106.51346361945 4385.66469444623 4846.59428963593 4985.34688420951
4006.08958472464 4274.66207854911 4541.41404546931 5187.33255386266 5313.81705556673
4091.3255403451 4265.89686476995 4559.27807169697 5178.89459945799 5313.81705556673
3936.89406189629 4268.46463374685 4485.96624067638 4896.7140812378 5232.65432068476
3936.89406189629 4268.46463374685 4485.96624067638 4896.7140812378 5232.65432068476
4144.00000399341 4159.96072798633 4428.13978232291 4894.4635074145 5202.03332262854
4218.20053352613 4324.92199793992 4435.72818178904 4860.93557096949 5127.0291009294
4232.04603899231 4530.14038385326 4598.42691891593 4894.64697151975 5259.3867706722
4392.77791435822 4439.02002986595 4496.67069663301 4973.82255716932 5034.33281887765
4289.30996652412 4434.93333909293 4513.22772069882 4914.18512519209 4933.51195725569
4232.26412050661 4399.84535146917 4479.2779511311 4907.37343724831 5110.44347485647
4266.41602693987 4371.24411193582 4477.74741209187 4818.43489919164 5131.16162337952
4190.20924392215 4259.27112583278 4495.91014798367 5034.41299237673 5200.98637192975
4174.4024766196 4449.23395809111 4483.65925130165 5025.10274996725 5455.52966037777
4256.87323998575 4495.4045156353 4576.85873631398 4866.70477261958 4954.68711527229
4244.30805759534 4495.4045156353 4544.94237866507 4834.02573256654 4954.68711527229
4339.19246258573 4413.18310244667 4472.9793684292 5014.31222488974 5237.24457773911
4409.33419772412 4476.80307826721 4669.05122637729 5087.24004926583 5267.05231566149
4333.48240767425 4480.40810170705 4577.46001191067 4860.24312786093 5198.09156194105
4338.1411458099 4460.65082117458 4534.84414335283 4942.39420298457 5065.86050857569
4421.37787732764 4440.95156441071 4534.84414335283 4954.93388807289 5261.97325262425
4402.21437356973 4507.6171004464 4757.53903171491 4965.51494862598 5340.71059527476
4410.10844904543 4638.54283189492 4687.18065051326 4910.12504398233 5270.6344587244
4412.81749765211 4693.74843839318 4707.38514271276 4934.48241843894 5113.24222982349
4398.55035744464 4527.89050207809 4726.39389807992 4992.53142573575 5021.24156243244
4193.21975340002 4438.63298828078 4637.03797749165 5009.93928671393 5107.13869992866
4197.28516950282 4481.85792306979 4647.78725001479 4931.08345677382 5100.78292900653
4195.07205537886 4422.95023841325 4775.6328960915 5057.43643575467 5214.27220266429
4191.71134807599 4519.12249954867 4822.58242391662 4887.79786901391 5258.60327020258
4177.65561538103 4583.53329746763 4742.8682891376 5165.42925635414 5266.85709014611
4187.26031261005 4701.06986168726 4721.72953620949 4952.37563293723 5247.67981646804
4280.17913749962 4317.02518217431 4440.44747451635 4879.23957290122 5186.87417267837
4280.17913749962 4317.02518217431 4440.44747451635 4879.23957290122 5186.87417267837
4204.19485431954 4409.64136934019 4492.40182057386 4547.70017574622 5410.23061918951
4308.01501969805 4362.25406445687 4511.08684631072 4906.5507919603 5712.58685875779
4289.0860076752 4356.01334535881 4459.2229574328 4928.98492414248 5020.78770698245
4151.31338544261 4358.30469409234 4762.38399640724 5041.69302623941 5298.80357929092
4190.23909027761 4363.27096334542 4696.63374479384 5211.89634782746 5277.4597575749
4262.35234831957 4338.85018232088 4378.43422556668 4657.22819861864 5277.4597575749
4261.85995935414 4377.67687198541 4395.16358677821 4798.33638317109 5060.64465036991
4267.80134652386 4302.46037968548 4326.49321209816 4998.07244031728 5241.0793341392
4272.94307356446 4440.2731261652 4451.24455650975 4915.05934660857 5290.20960933207
4336.79289556151 4421.16445707862 4451.6923276769 4898.192106853 5061.42077024726
4365.85169842099 4456.97212459663 4483.2647505653 4889.49003553021 5103.42566268254
4102.811508002 4302.21322642302 4307.8670686525 5248.31018703601 5266.90020938413
3850.24701633084 4508.83340716186 4576.08485305492 5248.31018703601 5259.07157255232
3962.93089608606 4508.83340716186 4785.67290089708 5248.31018703601 5259.07157255232
3962.93089608606 4508.83340716186 4785.67290089708 5248.31018703601 5259.07157255232
4487.65084124943 4508.83340716186 4785.67290089708 5248.31018703601 5259.07157255232
4487.65084124943 4508.83340716186 4785.67290089708 5248.31018703601 5259.07157255232
4487.65084124943 4507.08414067202 4768.03622134236 5204.66416716531 5207.95207159058
4487.65084124943 4507.08414067202 4768.03622134236 5204.66416716531 5207.95207159058
4487.65084124943 4507.08414067202 4768.03622134236 5204.66416716531 5207.95207159058
4487.65084124943 4507.08414067202 4768.03622134236 5204.66416716531 5207.95207159058
4471.71788294105 4562.62273220167 4768.03622134236 5208.42598694701 5229.28596368472
4304.28022996312 4373.89999002792 4426.65457750686 5208.42598694701 5262.79730983758
4214.96054498965 4576.04548650495 4614.66982691874 4912.95142554943 5279.58660933391
3938.32791580016 4488.34330163039 4778.55113923264 4878.00834882042 5257.59253345081
4606.28023174156 4640.43138305042 4767.77389112411 4835.90821630551 5075.51989667432
4251.02840986482 4487.04145223291 4687.80940776033 5218.35697002536 5242.84603529935
4335.42600996555 4487.04145223291 4560.30114370225 4970.90360725011 5288.83894322034
4348.33857982993 4456.48194998879 4464.29877900591 5188.34716442999 5260.87657927339
4348.33857982993 4456.48194998879 4464.29877900591 5188.34716442999 5260.87657927339
4171.430084767 4371.86889998877 4433.54993687703 4809.61680178084 5128.20543501135
3918.65309652026 4125.48557361229 4466.25797824057 5036.61396536307 5277.86144564138
4299.36345506019 4348.12703352483 4446.32854025414 4940.84077633545 5200.97165695366
4423.00285585573 4439.64073638065 4532.4432404884 4724.52680903112 5029.57845422116
4283.09683118282 4500.84623964123 4518.15594211917 4893.94039455029 4949.07849144684
4270.5510764332 4500.84623964123 4520.2726815066 4896.82093964682 5084.84941294709
4450.24486584126 4472.07614719508 4535.54777170338 4897.20773112448 5016.47324190756
4235.14227171965 4438.650768713 4777.23114440904 4846.3119497419 5063.54952562297
4256.73027190577 4527.2229584251 4611.30486163669 5090.23909211163 5116.20842005135
4304.61293567742 4333.39455728881 4669.70450892796 4960.94384333362 5062.66428027871
4270.30754144685 4573.9100703226 4716.2526602757 4969.77272504771 5194.07311684371
4279.16603188523 4512.97586173246 4613.67028045306 5156.38699056823 5198.57508349557
4220.56258668387 4298.60331691368 4785.23348328026 4972.93684551831 5194.07501181004
4329.50789302559 4362.68342070746 4398.39995447219 4867.4826938773 5172.55976685138
4334.50794180103 4439.92214823343 4516.1987299072 5219.83042229187 5260.47931198672
4328.94917528323 4486.36327680938 4782.84200233459 4907.15504470759 5276.08642658537
4319.3876432256 4450.4103797071 4807.54774431835 4877.53248432497 5547.19884958527
4339.70134992867 4518.80423734761 4704.24670075898 4728.3362933149 5141.05420447974
4366.80798364162 4518.80423734761 4683.59252413907 4971.58243287682 5194.68931361675
4240.0957723596 4429.77839949159 4774.32965294619 4875.41036123591 5005.8550324563
4399.0258788483 4408.4946355696 4592.21678020708 4944.5550088137 5183.62252742634
4290.0859208276 4409.26692826343 4418.59325387227 4946.51184899082 5535.84524623509
4290.0859208276 4409.26692826343 4418.59325387227 4946.51184899082 5535.84524623509
4229.96448811178 4294.64493214544 4531.89844831779 4821.93875584701 5250.32044164428
4154.24866452499 4186.84950928743 4498.26356361182 4882.43381324761 5113.42383997202
4078.87883547467 4396.29972989168 4645.84546383718 4994.52393495251 5001.62516521409
4164.73997110694 4485.7031150892 4789.45242162256 4972.38132671659 5004.7026409469
4284.6417939939 4463.99947170892 4971.1290010828 5044.71505903854 5240.79129501491
4293.41247634355 4430.22962839971 4722.3571720236 5222.06605403907 5294.00817451712
4324.09359481592 4470.02406380842 4720.2587913993 4870.70682359177 5171.03952117016
4199.47665994745 4436.91027670537 4603.27545743032 5029.60824470996 5110.2027264995
4024.41135686297 4461.69557540115 4581.23409130872 4942.1431802341 5255.30909572005
4264.21876161137 4446.8708661314 4481.17036049882 4994.64673259125 5270.44200145464
4399.61913585319 4419.69438311998 4619.09336295618 5172.3706842787 5265.0588218623
4286.41542788175 4676.15145663137 4929.33971378142 4949.53049969643 5265.0588218623
4309.36458954869 4732.61945881477 4740.98597373624 4987.18370757975 5035.37194501126
4308.67750114594 4598.88014875711 4648.60165539909 4967.88719267143 5003.1813781503
4342.18719121735 4509.60950150573 4593.75021799504 4959.77452059833 5038.90206937488
4427.2395828483 4488.14051732362 4822.11866877288 4968.80928103476 5078.13210248389
4351.97707815539 4457.33479640273 4736.21298254345 4970.06109258927 5080.1565906431
4249.35448124817 4463.2213775709 4823.99033522116 5001.11156494991 5427.11522594533
4193.7017473996 4224.70618433254 4701.15471296225 5041.51408100926 5386.54977598377
3909.06148429746 4212.13399454235 4498.28739035684 4721.47964132521 5531.05317106941
3529.24742849076 4247.98271888748 4472.86008628826 4730.76769851035 5277.93365652096
3585.14369660566 4267.25805125819 4442.1516279373 4720.84052845059 5229.96907739924
3791.50017871901 4267.25805125819 4442.1516279373 4738.29074485198 5168.63613289654
2895.75095405354 4369.34900878642 4692.13801293216 5225.5835583099 5277.63886401912
2895.75095405354 4307.15762928537 4310.39705024696 4682.19327379645 5091.58785114224
2668.56372460049 4307.15762928537 4309.25008088883 4656.00870857391 5051.4385602849
2444.11618515659 4278.26235029759 4541.5873525774 4750.75792819751 5124.2569149239
3731.09593961527 4329.97181364326 4459.93103556357 4750.75792819751 4811.80093369203
3919.88409585487 4363.52740708183 4484.08627789478 4747.91779457563 5093.6445926267
4018.84434662551 4281.61016916552 4517.58119586262 5041.56573227634 5104.83347436578
4155.34023623927 4179.87145142426 4576.97491437379 5295.8663247011 5305.74450397828
4154.90369280205 4349.22642657088 4418.86049795313 5023.67130253879 5324.5568625138
4144.28818480196 4344.59012390592 4470.27109875605 5013.84348650086 5025.38110813979
4159.78422471157 4408.1887766639 4564.11637917528 5014.96439638904 5240.23359534389
4449.2682313509 4499.93263973284 4588.95988856837 5027.02020272512 5289.28126701827
4316.78019445165 4435.29537865545 4474.94936127703 4991.89430605282 5169.47804199523
4379.75275757136 4596.49815779987 4714.61330349404 4807.08740657465 5093.26964261486
4322.8970839245 4489.75299564299 4587.54513505054 5035.6132155749 5067.70632952991
4457.16668237713 4502.67921189634 4600.25842534142 5007.84384574486 5047.47427625925
4295.39073888795 4398.4258316533 4609.09610811025 4954.94435655317 5068.84112203843
4312.09892996185 4396.47519347052 4412.01516001681 4964.73278744558 5093.97546716077
4216.62711942465 4261.28220383429 4511.8470443144 4877.52552367469 5085.48514137715
4103.62732092264 4504.97569509541 4607.63902185518 4926.12343226252 5219.95339013385
4067.74322648633 4421.74393474525 4627.89194688144 5000.83277445676 5381.97562908252
4228.79248464226 4545.9417206354 4813.82670630265 5053.35157243811 5244.91649299409
4137.23248138913 4550.72779616183 4598.32669179931 4978.92931676339 5111.29097667695
4173.80106508415 4575.14549585132 4781.98409882023 5145.45944948807 5311.3839128633
4183.04763869225 4640.93016535963 4682.70582638911 4992.74549089413 5280.34490319205
4032.7488016011 4489.00074100944 4689.46347713888 4787.57405357338 5223.88790907286
4160.16939737846 4468.71055309659 4581.29445630733 4965.31423158065 5016.9498364822
4362.98123444498 4371.45892494822 4375.9463655251 4849.71720957217 5042.25846650535
4371.24749124785 4371.45892494822 4479.32282685555 4833.60734534783 5008.4311049626
3843.86252905975 4396.30397134295 4428.79763380051 4736.2048949119 5030.62293763083
4135.85891579852 4386.84297119338 4495.17496010029 4845.39952720333 5040.02304891686
3962.11808734222 4363.88552435232 4422.10126046015 4648.75568001313 5060.81498219015
4168.65354018829 4279.9283861804 4302.65169733099 4763.34882754481 5106.11949630862
4076.06239191567 4482.52411511563 4709.21196842281 4763.34882754481 4988.36315127806
4335.09780505606 4487.1833911085 4610.11432697192 5136.25316443177 5138.12546590933
4326.36597266083 4504.3237482291 4611.0475411065 5020.12293822223 5219.55538766902
4366.76722722658 4454.78526411174 4626.66232437607 5040.62676558751 5230.44512288263
4419.79361317274 4454.78526411174 4583.68740111104 5024.60099406114 5235.19427523278
4025.28142142276 4456.55726907026 4543.50410247846 5190.42020514805 5227.89150911412
4280.70909618838 4290.98934011655 4511.97239820649 5236.00904164657 5243.61423602523
4386.94797171452 4464.34237604104 4496.55876300018 4654.09285430751 5214.99780720715
4309.82976758283 4409.60627384529 4522.54799001045 4960.35158830335 5232.00004264638
4254.24596821414 4419.12399257663 4474.73084689429 4954.73376363467 5246.14623303036
4170.94220176807 4398.29562389312 4453.41766535226 4915.36667135613 5183.14922762546
3957.81984346717 4417.59740928341 4422.3511435777 5037.40907108345 5126.58703793108
4090.1864541978 4466.9174260121 4611.33561176867 4902.75198649175 4906.49195589331
3990.0046865344 4446.16579429925 4612.47380672108 5065.65030387763 5193.57241959507
4092.95842679413 4449.70216304429 4611.76697606502 4878.00373387085 5126.04414041192
3976.56197848507 4287.99557708821 4436.29165990119 4738.71504146239 5230.05916705731
4000.8155432391 4426.92978081416 4436.29165990119 4886.98456060415 5230.05916705731
4357.14671239859 4426.92978081416 4455.30382919419 4909.18680639742 5295.23573825283
4357.14671239859 4426.92978081416 4455.30382919419 4909.18680639742 5295.23573825283
4319.43662264158 4439.30923999812 4482.92352548007 4918.46345790762 5256.88785412066
4251.18454938788 4292.59899458637 4453.11085811721 4992.93580729326 5400.39503576966
4332.39427566804 4386.33680577405 4541.147084278 4947.0131276768 5281.5790449216
4317.06001322587 4369.72309991836 4526.52860983456 4954.15394781646 5147.85176306009
4348.26734338835 4433.90165719601 4726.31797268902 4879.10090729212 5163.63712711458
4346.34821255762 4452.29696452634 4598.49898015443 4916.36324459254 5058.00813096128
4339.4161687455 4355.23184590434 4782.41756901047 4883.49359607585 5025.36219416852
4170.19617435434 4472.22455940791 4768.71105066272 5019.98755347805 5149.75590854359
4153.78516670005 4342.09525910859 4506.17455417184 4838.26974900568 4958.81299673443
4211.71826804535 4251.57648575695 4349.33452417745 4853.44382700482 5220.49724021768
3979.02384450985 4106.24817989278 4757.35100134491 4830.63805468109 5107.89647905027
4482.67321216009 4800.3671449187 4835.50743382475 4891.98483086433 5237.392528915
4056.81199780881 4418.42247516921 4570.29295666266 4873.53264863983 5274.57562006109
4228.45556237712 4325.70221218184 4663.33598610358 4772.96124080492 4966.74741136864
4238.50900228455 4275.75096950408 4455.2344917257 4817.61461826815 5418.00355070982
4193.11362877325 4323.31235398677 4420.69824300588 4934.14701822525 5085.94118833637
4142.67246847579 4307.14263697397 4509.62128240263 4937.40735906936 5313.56944059086
4139.61632733749 4398.9568306019 4399.6331933997 4888.85103767931 5250.98575237127
4167.58724701163 4460.85790939275 4789.635036781 4924.09188099316 5314.27844825287
4128.36624225774 4442.21872623072 4568.32423696245 4997.31276242731 5301.37076137908
4389.61654911465 4450.08766615449 4547.62013093628 4861.34390994642 4875.40518872102
4290.63221368888 4339.60895294214 4562.10837970447 5004.73918381124 5049.86381116202
4261.24574192467 4630.97136004533 4670.44355927845 4909.68337093904 5115.53289022237
4253.21661270021 4542.16317736845 4703.36873290138 4928.17868565936 5125.3911458412
4358.29714376398 4512.86414097548 4616.27323828449 5036.67116696801 5394.62270496812
4407.23976540249 4443.62203982785 4616.30437887564 4974.81675518779 5187.66584694928
4298.72028243352 4417.85224854599 4558.55925222724 4673.37386326752 5084.71176232663
4437.49218070725 4554.08822656948 4572.62478680571 4772.58537640862 5136.74629570482
4285.39947316058 4314.69404141338 4513.29449734814 4579.67670045255 5295.32204324689
4288.19676486228 4442.67900775564 4570.75842671513 5109.89004506638 5426.7933114805
4281.42199001745 4331.89045101086 4363.32887079064 4858.50446571413 5320.4596443714
4248.59657527954 4363.51438681867 4405.19252295198 5010.93315619043 5106.52595308422
4403.8784743719 4449.67015171288 4574.96955229552 4936.4412749217 5187.52864832039
4345.59007142545 4428.05490544917 4596.27702936066 4715.16481021605 5279.48400547973
3998.83039299698 4285.33066887308 4580.59665740734 4874.8073440413 5339.49786496199
4149.02035121114 4333.09399811797 4543.58096143546 4847.96248580407 5068.13030415383
4354.61925089612 4404.71216915784 4483.70336000094 4927.98456964773 4956.4983708827
4268.99824804927 4368.91529340615 4470.08083623022 4854.07964187013 5137.45227573211
4154.20928068246 4268.22908612528 4352.22679783395 4910.75969857152 5189.15225307711
4261.49784774392 4392.70535648411 4453.11096237798 4891.38113473326 5046.63577799441
4376.85350740101 4507.44317993434 4544.37143266215 4867.8597265142 5179.60660625685
4460.91822264554 4504.79745078613 4511.15473441672 4995.47046781507 5124.49750855827
4345.88589903427 4465.59900334769 4482.58835928344 4973.27332743282 5295.56295799733
4229.36668880173 4274.18789603555 4507.82696384538 5017.6342192019 5132.55950449015
4408.54476340768 4458.08641747415 4485.32086574762 5018.82695538534 5104.68004050029
4408.54476340768 4486.39391004525 4526.10045389274 5015.1993567996 5024.05331094891
4338.49298364247 4386.65292720197 4427.74597183967 4967.08905113114 4992.0622559676
4338.49298364247 4386.65292720197 4427.74597183967 4967.08905113114 4992.0622559676
4338.49298364247 4386.65292720197 4427.74597183967 4967.08905113114 4992.0622559676
4388.18563630029 4484.065820773 4488.76233614051 5005.16211802014 5075.8256077916
4352.30439908678 4470.36572114183 4488.76233614051 5001.80096614473 5058.99281544662
4424.66450315819 4512.19092031534 4809.65380747924 4824.12054688246 5221.98446915749
4286.69244969154 4647.01522993829 4814.8901020581 5255.13288003716 5316.42299679374
4339.49270971281 4647.01522993829 4713.66639091658 5233.85627956335 5462.05558130293
4241.37188343536 4624.797111758 4705.41634294426 5309.26755709694 5462.05558130293
4187.06012749932 4633.52058764406 4863.84294201646 5225.84234242534 5231.62097287396
4315.88947322864 4365.49631030616 4413.43192495572 4956.49293101619 5072.81069691202
4347.82445629239 4396.56265901453 4420.44103316147 4921.52267446952 4985.6725816542
4347.82445629239 4396.56265901453 4420.44103316147 4921.52267446952 4985.6725816542
4327.56201552846 4492.04005666184 4581.95079729502 5004.4123923771 5063.44852084939
4329.44179784552 4673.20017152056 4809.14193569509 5007.45310498612 5065.08338921166
4428.43405998075 4510.63665293863 4641.7017106927 4839.87248598796 5135.30705478297
4417.10620104757 4546.38212903822 4618.09559093964 4839.84605981061 5251.57035508352
4358.67591579684 4598.78240621548 4632.02043951037 4956.85105322136 5181.53689748656
4335.0720765767 4592.28964042444 4763.96354341448 4847.65740832034 5370.30644732039
4286.32173583599 4295.68719410027 4781.01589862209 5188.43072830948 5374.72479640086
4106.9236238259 4161.95844791314 4781.01589862209 5123.89302585968 5272.46762811612
4033.40429706595 4194.65022989811 4479.37183478041 5099.45913799535 5469.41095557918
4241.31062163782 4390.46952221396 4515.15713532624 5018.35909050468 5255.22526173123
4353.34690925663 4477.63194156386 4794.5731822706 4845.291072394 5209.45376360985
4254.53330476077 4565.04868945298 4712.69697210671 4868.352058532 5277.08910318893
4212.05015230838 4493.05856976218 4773.24615720994 4932.94722292008 5288.45749657184
4150.58768468545 4320.51881857435 4750.14856160005 4908.44393258945 5280.0739824458
4109.58370756246 4418.63615497391 4806.929081445 4895.27491063884 5188.60908278696
3846.60729868802 4422.57911289332 4620.50522927309 5037.65286135492 5067.63560316167
